#
# There is insufficient memory for the Java Runtime Environment to continue.
# Native memory allocation (malloc) failed to allocate 1212656 bytes for Chunk::new
# Possible reasons:
#   The system is out of physical RAM or swap space
#   The process is running with CompressedOops enabled, and the Java Heap may be blocking the growth of the native heap
# Possible solutions:
#   Reduce memory load on the system
#   Increase physical memory or swap space
#   Check if swap backing store is full
#   Decrease Java heap size (-Xmx/-Xms)
#   Decrease number of Java threads
#   Decrease Java thread stack sizes (-Xss)
#   Set larger code cache with -XX:ReservedCodeCacheSize=
#   JVM is running with Unscaled Compressed Oops mode in which the Java heap is
#     placed in the first 4GB address space. The Java Heap base address is the
#     maximum limit for the native heap growth. Please use -XX:HeapBaseMinAddress
#     to set the Java Heap base and to place the Java Heap above 4GB virtual address.
# This output file may be truncated or incomplete.
#
#  Out of Memory Error (./src/hotspot/share/memory/arena.cpp:197), pid=8308, tid=23092
#
# JRE version: OpenJDK Runtime Environment (11.0.12+7) (build 11.0.12+7-b1504.28-7817840)
# Java VM: OpenJDK 64-Bit Server VM (11.0.12+7-b1504.28-7817840, mixed mode, tiered, compressed oops, g1 gc, windows-amd64)
# No core dump will be written. Minidumps are not enabled by default on client versions of Windows
#

---------------  S U M M A R Y ------------

Command Line: --add-opens=java.base/java.util=ALL-UNNAMED --add-opens=java.base/java.lang=ALL-UNNAMED --add-opens=java.base/java.lang.invoke=ALL-UNNAMED --add-opens=java.base/java.util=ALL-UNNAMED --add-opens=java.prefs/java.util.prefs=ALL-UNNAMED --add-opens=java.prefs/java.util.prefs=ALL-UNNAMED --add-opens=java.base/java.nio.charset=ALL-UNNAMED --add-opens=java.base/java.net=ALL-UNNAMED --add-opens=java.base/java.util.concurrent.atomic=ALL-UNNAMED -Xmx2048m -Dfile.encoding=UTF-8 -Duser.country=FI -Duser.language=fi -Duser.variant org.gradle.launcher.daemon.bootstrap.GradleDaemon 7.3.3

Host: Intel(R) Core(TM) i7-6700HQ CPU @ 2.60GHz, 8 cores, 15G,  Windows 10 , 64 bit Build 19041 (10.0.19041.1741)
Time: Tue Jun 28 16:56:27 2022 Suomen kesäaika elapsed time: 27.343890 seconds (0d 0h 0m 27s)

---------------  T H R E A D  ---------------

Current thread (0x000002b3f9699000):  JavaThread "C2 CompilerThread0" daemon [_thread_in_native, id=23092, stack(0x000000d0ffe00000,0x000000d0fff00000)]


Current CompileTask:
C2:  27343 12235       4       java.lang.reflect.Method::invoke (65 bytes)

Stack: [0x000000d0ffe00000,0x000000d0fff00000]
Native frames: (J=compiled Java code, j=interpreted, Vv=VM code, C=native code)
V  [jvm.dll+0x5fbcea]
V  [jvm.dll+0x731905]
V  [jvm.dll+0x732f1d]
V  [jvm.dll+0x7335d3]
V  [jvm.dll+0x247bf8]
V  [jvm.dll+0xc018c]
V  [jvm.dll+0xc06cc]
V  [jvm.dll+0x35b31d]
V  [jvm.dll+0x19cebc]
V  [jvm.dll+0x20070e]
V  [jvm.dll+0x1ff794]
V  [jvm.dll+0x18868c]
V  [jvm.dll+0x20e0d7]
V  [jvm.dll+0x20c901]
V  [jvm.dll+0x6f9b7f]
V  [jvm.dll+0x6f26a5]
V  [jvm.dll+0x5fabf6]
C  [ucrtbase.dll+0x21bb2]
C  [KERNEL32.DLL+0x17034]
C  [ntdll.dll+0x52651]


---------------  P R O C E S S  ---------------

Threads class SMR info:
_java_thread_list=0x000002b380f6f830, length=148, elements={
0x000002b3dc98b800, 0x000002b3f962b800, 0x000002b3f962f000, 0x000002b3f9691000,
0x000002b3f9692000, 0x000002b3f9694000, 0x000002b3f9699000, 0x000002b3f96f8800,
0x000002b3f96fb800, 0x000002b3f97fd800, 0x000002b3fc5e2800, 0x000002b3f98db800,
0x000002b3fc8fd800, 0x000002b3fa616000, 0x000002b3fb234000, 0x000002b3fbef2000,
0x000002b3fbe34800, 0x000002b3fb6f8800, 0x000002b3fc5a4000, 0x000002b3fc00b000,
0x000002b3fc00f000, 0x000002b3fc00b800, 0x000002b3fc00d800, 0x000002b3fc00a000,
0x000002b3fc00c800, 0x000002b3fc009800, 0x000002b3fc00e000, 0x000002b3fc010000,
0x000002b3fd347800, 0x000002b3fd345000, 0x000002b3fd34a000, 0x000002b3fd344000,
0x000002b3fd346800, 0x000002b3fd34d000, 0x000002b3fd34e000, 0x000002b3fd348800,
0x000002b3fd34f800, 0x000002b3fd34f000, 0x000002b3fd353000, 0x000002b3fd350800,
0x000002b3fd351800, 0x000002b3fd352000, 0x000002b3fcfd6800, 0x000002b3fcfd8000,
0x000002b3fcfd9800, 0x000002b3fcfd5800, 0x000002b3fcfdb800, 0x000002b3fcfd9000,
0x000002b3fcfdd000, 0x000002b3fcfda800, 0x000002b3fcfd7000, 0x000002b3fcfdf800,
0x000002b3fcfde800, 0x000002b3fcfdc000, 0x000002b3fcfe3800, 0x000002b3fcfe0000,
0x000002b3fcfe1000, 0x000002b3fcfe2000, 0x000002b3fcfdd800, 0x000002b3fcfe4800,
0x000002b3fcfe2800, 0x000002b3fa8c6800, 0x000002b3fa8c7000, 0x000002b3fa8c4800,
0x000002b3fa8c4000, 0x000002b3fa8c3000, 0x000002b3fa8c5800, 0x000002b3fa8c1800,
0x000002b3fa8c8000, 0x000002b3fa8c2000, 0x000002b3fa8ce800, 0x000002b3fa8cd800,
0x000002b3fa8c9000, 0x000002b3fa8ca800, 0x000002b3fa8cf800, 0x000002b3fa8cd000,
0x000002b3fa8c9800, 0x000002b3fa8d0000, 0x000002b3fa8cb000, 0x000002b3fa8cc000,
0x000002b380850000, 0x000002b38084d800, 0x000002b38084c000, 0x000002b38084b800,
0x000002b380852800, 0x000002b380852000, 0x000002b38084d000, 0x000002b38084f800,
0x000002b380853800, 0x000002b380854800, 0x000002b38084e800, 0x000002b380856800,
0x000002b380856000, 0x000002b380851000, 0x000002b380859000, 0x000002b38085a000,
0x000002b380857800, 0x000002b380855000, 0x000002b380858800, 0x000002b3fd244800,
0x000002b3fd246000, 0x000002b3fd240000, 0x000002b3fd242000, 0x000002b3fd241000,
0x000002b3fd242800, 0x000002b3fd246800, 0x000002b3fd245000, 0x000002b3fd248800,
0x000002b3fd247800, 0x000002b3fd249000, 0x000002b3fd243800, 0x000002b3fd24b000,
0x000002b3fd24b800, 0x000002b3fd24c800, 0x000002b3fd24e000, 0x000002b3fd24d000,
0x000002b3fd24f000, 0x000002b3fd24a000, 0x000002b3fc530000, 0x000002b3fc52d800,
0x000002b3fc531000, 0x000002b3fc52f800, 0x000002b3fc52b000, 0x000002b3fc52c000,
0x000002b3fc52d000, 0x000002b3fc531800, 0x000002b380516000, 0x000002b380515000,
0x000002b380512800, 0x000002b380516800, 0x000002b380514800, 0x000002b380517800,
0x000002b380513800, 0x000002b380512000, 0x000002b38051e000, 0x000002b38051a000,
0x000002b380518800, 0x000002b380519000, 0x000002b38051b000, 0x000002b380520800,
0x000002b38051b800, 0x000002b38051f000, 0x000002b38051f800, 0x000002b38051c800,
0x000002b38051d800, 0x000002b3fcfb1800, 0x000002b3fcfae800, 0x000002b3fcfb0000
}

Java Threads: ( => current thread )
  0x000002b3dc98b800 JavaThread "main" [_thread_blocked, id=7092, stack(0x000000d0ff200000,0x000000d0ff300000)]
  0x000002b3f962b800 JavaThread "Reference Handler" daemon [_thread_blocked, id=27200, stack(0x000000d0ff900000,0x000000d0ffa00000)]
  0x000002b3f962f000 JavaThread "Finalizer" daemon [_thread_blocked, id=22480, stack(0x000000d0ffa00000,0x000000d0ffb00000)]
  0x000002b3f9691000 JavaThread "Signal Dispatcher" daemon [_thread_blocked, id=12740, stack(0x000000d0ffb00000,0x000000d0ffc00000)]
  0x000002b3f9692000 JavaThread "Attach Listener" daemon [_thread_blocked, id=10144, stack(0x000000d0ffc00000,0x000000d0ffd00000)]
  0x000002b3f9694000 JavaThread "Service Thread" daemon [_thread_blocked, id=28732, stack(0x000000d0ffd00000,0x000000d0ffe00000)]
=>0x000002b3f9699000 JavaThread "C2 CompilerThread0" daemon [_thread_in_native, id=23092, stack(0x000000d0ffe00000,0x000000d0fff00000)]
  0x000002b3f96f8800 JavaThread "C1 CompilerThread0" daemon [_thread_blocked, id=22660, stack(0x000000d0fff00000,0x000000d100000000)]
  0x000002b3f96fb800 JavaThread "Sweeper thread" daemon [_thread_blocked, id=26664, stack(0x000000d080000000,0x000000d080100000)]
  0x000002b3f97fd800 JavaThread "Common-Cleaner" daemon [_thread_blocked, id=2484, stack(0x000000d080100000,0x000000d080200000)]
  0x000002b3fc5e2800 JavaThread "Daemon health stats" [_thread_blocked, id=24340, stack(0x000000d080a00000,0x000000d080b00000)]
  0x000002b3f98db800 JavaThread "Incoming local TCP Connector on port 62803" [_thread_in_native, id=5956, stack(0x000000d080300000,0x000000d080400000)]
  0x000002b3fc8fd800 JavaThread "Daemon periodic checks" [_thread_blocked, id=29244, stack(0x000000d080900000,0x000000d080a00000)]
  0x000002b3fa616000 JavaThread "Daemon" [_thread_blocked, id=26848, stack(0x000000d080d00000,0x000000d080e00000)]
  0x000002b3fb234000 JavaThread "Handler for socket connection from /127.0.0.1:62803 to /127.0.0.1:62804" [_thread_in_native, id=30076, stack(0x000000d080e00000,0x000000d080f00000)]
  0x000002b3fbef2000 JavaThread "Cancel handler" [_thread_blocked, id=17132, stack(0x000000d080f00000,0x000000d081000000)]
  0x000002b3fbe34800 JavaThread "Daemon worker" [_thread_blocked, id=21264, stack(0x000000d081000000,0x000000d081100000)]
  0x000002b3fb6f8800 JavaThread "Asynchronous log dispatcher for DefaultDaemonConnection: socket connection from /127.0.0.1:62803 to /127.0.0.1:62804" [_thread_blocked, id=23456, stack(0x000000d081100000,0x000000d081200000)]
  0x000002b3fc5a4000 JavaThread "Stdin handler" [_thread_blocked, id=19184, stack(0x000000d081200000,0x000000d081300000)]
  0x000002b3fc00b000 JavaThread "Daemon client event forwarder" [_thread_blocked, id=4780, stack(0x000000d081300000,0x000000d081400000)]
  0x000002b3fc00f000 JavaThread "Cache worker for journal cache (C:\Users\Rasse\.gradle\caches\journal-1)" [_thread_blocked, id=26040, stack(0x000000d081500000,0x000000d081600000)]
  0x000002b3fc00b800 JavaThread "File lock request listener" [_thread_in_native, id=2012, stack(0x000000d081600000,0x000000d081700000)]
  0x000002b3fc00d800 JavaThread "Cache worker for file hash cache (C:\Users\Rasse\.gradle\caches\7.3.3\fileHashes)" [_thread_blocked, id=11044, stack(0x000000d081700000,0x000000d081800000)]
  0x000002b3fc00a000 JavaThread "Cache worker for file hash cache (E:\ohjelmointi_projektit\ReseptiKirja\.gradle\7.3.3\fileHashes)" [_thread_blocked, id=6136, stack(0x000000d081900000,0x000000d081a00000)]
  0x000002b3fc00c800 JavaThread "File watcher server" daemon [_thread_in_native, id=548, stack(0x000000d081b00000,0x000000d081c00000)]
  0x000002b3fc009800 JavaThread "File watcher consumer" daemon [_thread_blocked, id=7300, stack(0x000000d081c00000,0x000000d081d00000)]
  0x000002b3fc00e000 JavaThread "Cache worker for checksums cache (E:\ohjelmointi_projektit\ReseptiKirja\.gradle\7.3.3\checksums)" [_thread_blocked, id=28628, stack(0x000000d081d00000,0x000000d081e00000)]
  0x000002b3fc010000 JavaThread "Cache worker for cache directory md-supplier (C:\Users\Rasse\.gradle\caches\7.3.3\md-supplier)" [_thread_blocked, id=13776, stack(0x000000d081e00000,0x000000d081f00000)]
  0x000002b3fd347800 JavaThread "Cache worker for cache directory md-rule (C:\Users\Rasse\.gradle\caches\7.3.3\md-rule)" [_thread_blocked, id=24840, stack(0x000000d081f00000,0x000000d082000000)]
  0x000002b3fd345000 JavaThread "Cache worker for execution history cache (C:\Users\Rasse\.gradle\caches\7.3.3\executionHistory)" [_thread_blocked, id=7116, stack(0x000000d082000000,0x000000d082100000)]
  0x000002b3fd34a000 JavaThread "jar transforms" [_thread_blocked, id=13712, stack(0x000000d082100000,0x000000d082200000)]
  0x000002b3fd344000 JavaThread "Cache worker for file content cache (C:\Users\Rasse\.gradle\caches\7.3.3\fileContent)" [_thread_blocked, id=13208, stack(0x000000d082200000,0x000000d082300000)]
  0x000002b3fd346800 JavaThread "jar transforms Thread 2" [_thread_blocked, id=11956, stack(0x000000d082300000,0x000000d082400000)]
  0x000002b3fd34d000 JavaThread "Cache worker for dependencies-accessors (E:\ohjelmointi_projektit\ReseptiKirja\.gradle\7.3.3\dependencies-accessors)" [_thread_blocked, id=18220, stack(0x000000d082400000,0x000000d082500000)]
  0x000002b3fd34e000 JavaThread "jar transforms Thread 3" [_thread_blocked, id=3280, stack(0x000000d082500000,0x000000d082600000)]
  0x000002b3fd348800 JavaThread "Cache worker for Build Output Cleanup Cache (E:\ohjelmointi_projektit\ReseptiKirja\.gradle\buildOutputCleanup)" [_thread_blocked, id=6068, stack(0x000000d082600000,0x000000d082700000)]
  0x000002b3fd34f800 JavaThread "Unconstrained build operations" [_thread_blocked, id=9628, stack(0x000000d082700000,0x000000d082800000)]
  0x000002b3fd34f000 JavaThread "Unconstrained build operations Thread 2" [_thread_blocked, id=21980, stack(0x000000d082800000,0x000000d082900000)]
  0x000002b3fd353000 JavaThread "Unconstrained build operations Thread 3" [_thread_blocked, id=7776, stack(0x000000d082900000,0x000000d082a00000)]
  0x000002b3fd350800 JavaThread "Unconstrained build operations Thread 4" [_thread_blocked, id=28684, stack(0x000000d082a00000,0x000000d082b00000)]
  0x000002b3fd351800 JavaThread "Unconstrained build operations Thread 5" [_thread_blocked, id=13632, stack(0x000000d082b00000,0x000000d082c00000)]
  0x000002b3fd352000 JavaThread "Unconstrained build operations Thread 6" [_thread_blocked, id=23424, stack(0x000000d082c00000,0x000000d082d00000)]
  0x000002b3fcfd6800 JavaThread "Unconstrained build operations Thread 7" [_thread_blocked, id=21352, stack(0x000000d082d00000,0x000000d082e00000)]
  0x000002b3fcfd8000 JavaThread "Unconstrained build operations Thread 8" [_thread_blocked, id=13912, stack(0x000000d082e00000,0x000000d082f00000)]
  0x000002b3fcfd9800 JavaThread "Unconstrained build operations Thread 9" [_thread_blocked, id=18920, stack(0x000000d082f00000,0x000000d083000000)]
  0x000002b3fcfd5800 JavaThread "Unconstrained build operations Thread 10" [_thread_blocked, id=24364, stack(0x000000d083000000,0x000000d083100000)]
  0x000002b3fcfdb800 JavaThread "Unconstrained build operations Thread 11" [_thread_blocked, id=30300, stack(0x000000d083100000,0x000000d083200000)]
  0x000002b3fcfd9000 JavaThread "Unconstrained build operations Thread 12" [_thread_blocked, id=28136, stack(0x000000d083200000,0x000000d083300000)]
  0x000002b3fcfdd000 JavaThread "Unconstrained build operations Thread 13" [_thread_blocked, id=8768, stack(0x000000d083300000,0x000000d083400000)]
  0x000002b3fcfda800 JavaThread "Unconstrained build operations Thread 14" [_thread_blocked, id=13792, stack(0x000000d083400000,0x000000d083500000)]
  0x000002b3fcfd7000 JavaThread "Unconstrained build operations Thread 15" [_thread_blocked, id=15816, stack(0x000000d083500000,0x000000d083600000)]
  0x000002b3fcfdf800 JavaThread "Unconstrained build operations Thread 16" [_thread_blocked, id=13624, stack(0x000000d083600000,0x000000d083700000)]
  0x000002b3fcfde800 JavaThread "Unconstrained build operations Thread 17" [_thread_blocked, id=13668, stack(0x000000d083700000,0x000000d083800000)]
  0x000002b3fcfdc000 JavaThread "Unconstrained build operations Thread 18" [_thread_blocked, id=17280, stack(0x000000d083800000,0x000000d083900000)]
  0x000002b3fcfe3800 JavaThread "Unconstrained build operations Thread 19" [_thread_blocked, id=13932, stack(0x000000d083900000,0x000000d083a00000)]
  0x000002b3fcfe0000 JavaThread "Unconstrained build operations Thread 20" [_thread_blocked, id=13800, stack(0x000000d083a00000,0x000000d083b00000)]
  0x000002b3fcfe1000 JavaThread "Unconstrained build operations Thread 21" [_thread_blocked, id=13796, stack(0x000000d083b00000,0x000000d083c00000)]
  0x000002b3fcfe2000 JavaThread "Unconstrained build operations Thread 22" [_thread_blocked, id=13984, stack(0x000000d083c00000,0x000000d083d00000)]
  0x000002b3fcfdd800 JavaThread "Unconstrained build operations Thread 23" [_thread_blocked, id=13012, stack(0x000000d083d00000,0x000000d083e00000)]
  0x000002b3fcfe4800 JavaThread "Unconstrained build operations Thread 24" [_thread_blocked, id=13704, stack(0x000000d083e00000,0x000000d083f00000)]
  0x000002b3fcfe2800 JavaThread "Unconstrained build operations Thread 25" [_thread_blocked, id=25892, stack(0x000000d083f00000,0x000000d084000000)]
  0x000002b3fa8c6800 JavaThread "Unconstrained build operations Thread 26" [_thread_blocked, id=30408, stack(0x000000d084000000,0x000000d084100000)]
  0x000002b3fa8c7000 JavaThread "Unconstrained build operations Thread 27" [_thread_blocked, id=13372, stack(0x000000d084100000,0x000000d084200000)]
  0x000002b3fa8c4800 JavaThread "Unconstrained build operations Thread 28" [_thread_blocked, id=24192, stack(0x000000d084200000,0x000000d084300000)]
  0x000002b3fa8c4000 JavaThread "Unconstrained build operations Thread 29" [_thread_blocked, id=11260, stack(0x000000d084300000,0x000000d084400000)]
  0x000002b3fa8c3000 JavaThread "Unconstrained build operations Thread 30" [_thread_blocked, id=28976, stack(0x000000d084400000,0x000000d084500000)]
  0x000002b3fa8c5800 JavaThread "Unconstrained build operations Thread 31" [_thread_blocked, id=12352, stack(0x000000d084500000,0x000000d084600000)]
  0x000002b3fa8c1800 JavaThread "Unconstrained build operations Thread 32" [_thread_blocked, id=21872, stack(0x000000d084600000,0x000000d084700000)]
  0x000002b3fa8c8000 JavaThread "Unconstrained build operations Thread 33" [_thread_blocked, id=19800, stack(0x000000d084700000,0x000000d084800000)]
  0x000002b3fa8c2000 JavaThread "Unconstrained build operations Thread 34" [_thread_blocked, id=22956, stack(0x000000d084800000,0x000000d084900000)]
  0x000002b3fa8ce800 JavaThread "Unconstrained build operations Thread 35" [_thread_blocked, id=22320, stack(0x000000d084900000,0x000000d084a00000)]
  0x000002b3fa8cd800 JavaThread "Unconstrained build operations Thread 36" [_thread_blocked, id=20028, stack(0x000000d084a00000,0x000000d084b00000)]
  0x000002b3fa8c9000 JavaThread "Unconstrained build operations Thread 37" [_thread_blocked, id=9364, stack(0x000000d084b00000,0x000000d084c00000)]
  0x000002b3fa8ca800 JavaThread "Unconstrained build operations Thread 38" [_thread_blocked, id=13844, stack(0x000000d084c00000,0x000000d084d00000)]
  0x000002b3fa8cf800 JavaThread "Unconstrained build operations Thread 39" [_thread_blocked, id=28668, stack(0x000000d084d00000,0x000000d084e00000)]
  0x000002b3fa8cd000 JavaThread "Unconstrained build operations Thread 40" [_thread_blocked, id=12468, stack(0x000000d084e00000,0x000000d084f00000)]
  0x000002b3fa8c9800 JavaThread "Unconstrained build operations Thread 41" [_thread_blocked, id=28252, stack(0x000000d084f00000,0x000000d085000000)]
  0x000002b3fa8d0000 JavaThread "Unconstrained build operations Thread 42" [_thread_blocked, id=27024, stack(0x000000d085000000,0x000000d085100000)]
  0x000002b3fa8cb000 JavaThread "Unconstrained build operations Thread 43" [_thread_blocked, id=29700, stack(0x000000d085100000,0x000000d085200000)]
  0x000002b3fa8cc000 JavaThread "Unconstrained build operations Thread 44" [_thread_blocked, id=3116, stack(0x000000d085200000,0x000000d085300000)]
  0x000002b380850000 JavaThread "Unconstrained build operations Thread 45" [_thread_blocked, id=15588, stack(0x000000d085300000,0x000000d085400000)]
  0x000002b38084d800 JavaThread "Unconstrained build operations Thread 46" [_thread_blocked, id=1052, stack(0x000000d085400000,0x000000d085500000)]
  0x000002b38084c000 JavaThread "Unconstrained build operations Thread 47" [_thread_blocked, id=4340, stack(0x000000d085500000,0x000000d085600000)]
  0x000002b38084b800 JavaThread "Unconstrained build operations Thread 48" [_thread_blocked, id=25024, stack(0x000000d085600000,0x000000d085700000)]
  0x000002b380852800 JavaThread "Unconstrained build operations Thread 49" [_thread_blocked, id=30708, stack(0x000000d085700000,0x000000d085800000)]
  0x000002b380852000 JavaThread "Unconstrained build operations Thread 50" [_thread_blocked, id=13176, stack(0x000000d085800000,0x000000d085900000)]
  0x000002b38084d000 JavaThread "Unconstrained build operations Thread 51" [_thread_blocked, id=3628, stack(0x000000d085900000,0x000000d085a00000)]
  0x000002b38084f800 JavaThread "Unconstrained build operations Thread 52" [_thread_blocked, id=2440, stack(0x000000d085a00000,0x000000d085b00000)]
  0x000002b380853800 JavaThread "Unconstrained build operations Thread 53" [_thread_blocked, id=26720, stack(0x000000d085b00000,0x000000d085c00000)]
  0x000002b380854800 JavaThread "Unconstrained build operations Thread 54" [_thread_blocked, id=20704, stack(0x000000d085c00000,0x000000d085d00000)]
  0x000002b38084e800 JavaThread "Unconstrained build operations Thread 55" [_thread_blocked, id=26960, stack(0x000000d085d00000,0x000000d085e00000)]
  0x000002b380856800 JavaThread "Unconstrained build operations Thread 56" [_thread_blocked, id=23592, stack(0x000000d085e00000,0x000000d085f00000)]
  0x000002b380856000 JavaThread "Unconstrained build operations Thread 57" [_thread_blocked, id=29072, stack(0x000000d085f00000,0x000000d086000000)]
  0x000002b380851000 JavaThread "Unconstrained build operations Thread 58" [_thread_blocked, id=26944, stack(0x000000d086000000,0x000000d086100000)]
  0x000002b380859000 JavaThread "Unconstrained build operations Thread 59" [_thread_blocked, id=9856, stack(0x000000d086100000,0x000000d086200000)]
  0x000002b38085a000 JavaThread "Unconstrained build operations Thread 60" [_thread_blocked, id=17568, stack(0x000000d086200000,0x000000d086300000)]
  0x000002b380857800 JavaThread "Unconstrained build operations Thread 61" [_thread_blocked, id=23452, stack(0x000000d086300000,0x000000d086400000)]
  0x000002b380855000 JavaThread "Unconstrained build operations Thread 62" [_thread_blocked, id=1168, stack(0x000000d086400000,0x000000d086500000)]
  0x000002b380858800 JavaThread "Unconstrained build operations Thread 63" [_thread_blocked, id=23888, stack(0x000000d086500000,0x000000d086600000)]
  0x000002b3fd244800 JavaThread "Unconstrained build operations Thread 64" [_thread_blocked, id=604, stack(0x000000d086600000,0x000000d086700000)]
  0x000002b3fd246000 JavaThread "Unconstrained build operations Thread 65" [_thread_blocked, id=29356, stack(0x000000d086700000,0x000000d086800000)]
  0x000002b3fd240000 JavaThread "Unconstrained build operations Thread 66" [_thread_blocked, id=23004, stack(0x000000d086800000,0x000000d086900000)]
  0x000002b3fd242000 JavaThread "Unconstrained build operations Thread 67" [_thread_blocked, id=28060, stack(0x000000d086900000,0x000000d086a00000)]
  0x000002b3fd241000 JavaThread "Unconstrained build operations Thread 68" [_thread_blocked, id=28444, stack(0x000000d086a00000,0x000000d086b00000)]
  0x000002b3fd242800 JavaThread "Unconstrained build operations Thread 69" [_thread_blocked, id=29900, stack(0x000000d086b00000,0x000000d086c00000)]
  0x000002b3fd246800 JavaThread "Unconstrained build operations Thread 70" [_thread_blocked, id=26076, stack(0x000000d086c00000,0x000000d086d00000)]
  0x000002b3fd245000 JavaThread "Unconstrained build operations Thread 71" [_thread_blocked, id=20828, stack(0x000000d086d00000,0x000000d086e00000)]
  0x000002b3fd248800 JavaThread "Unconstrained build operations Thread 72" [_thread_blocked, id=15980, stack(0x000000d086e00000,0x000000d086f00000)]
  0x000002b3fd247800 JavaThread "Unconstrained build operations Thread 73" [_thread_blocked, id=9248, stack(0x000000d086f00000,0x000000d087000000)]
  0x000002b3fd249000 JavaThread "Unconstrained build operations Thread 74" [_thread_blocked, id=8976, stack(0x000000d087000000,0x000000d087100000)]
  0x000002b3fd243800 JavaThread "Unconstrained build operations Thread 75" [_thread_blocked, id=8252, stack(0x000000d087100000,0x000000d087200000)]
  0x000002b3fd24b000 JavaThread "Unconstrained build operations Thread 76" [_thread_blocked, id=9008, stack(0x000000d087200000,0x000000d087300000)]
  0x000002b3fd24b800 JavaThread "Unconstrained build operations Thread 77" [_thread_blocked, id=24520, stack(0x000000d087300000,0x000000d087400000)]
  0x000002b3fd24c800 JavaThread "Unconstrained build operations Thread 78" [_thread_blocked, id=24824, stack(0x000000d087400000,0x000000d087500000)]
  0x000002b3fd24e000 JavaThread "Unconstrained build operations Thread 79" [_thread_blocked, id=12756, stack(0x000000d087500000,0x000000d087600000)]
  0x000002b3fd24d000 JavaThread "Unconstrained build operations Thread 80" [_thread_blocked, id=13056, stack(0x000000d087600000,0x000000d087700000)]
  0x000002b3fd24f000 JavaThread "jar transforms Thread 4" [_thread_blocked, id=28656, stack(0x000000d087700000,0x000000d087800000)]
  0x000002b3fd24a000 JavaThread "jar transforms Thread 5" [_thread_blocked, id=18544, stack(0x000000d087800000,0x000000d087900000)]
  0x000002b3fc530000 JavaThread "jar transforms Thread 6" [_thread_blocked, id=18792, stack(0x000000d087900000,0x000000d087a00000)]
  0x000002b3fc52d800 JavaThread "jar transforms Thread 7" [_thread_blocked, id=19340, stack(0x000000d087a00000,0x000000d087b00000)]
  0x000002b3fc531000 JavaThread "jar transforms Thread 8" [_thread_blocked, id=24960, stack(0x000000d087b00000,0x000000d087c00000)]
  0x000002b3fc52f800 JavaThread "Memory manager" [_thread_blocked, id=18176, stack(0x000000d081400000,0x000000d081500000)]
  0x000002b3fc52b000 JavaThread "build event listener" [_thread_blocked, id=27128, stack(0x000000d087c00000,0x000000d087d00000)]
  0x000002b3fc52c000 JavaThread "Execution worker for ':'" [_thread_blocked, id=28456, stack(0x000000d087d00000,0x000000d087e00000)]
  0x000002b3fc52d000 JavaThread "Execution worker for ':' Thread 2" [_thread_blocked, id=16008, stack(0x000000d087e00000,0x000000d087f00000)]
  0x000002b3fc531800 JavaThread "Execution worker for ':' Thread 3" [_thread_blocked, id=28868, stack(0x000000d087f00000,0x000000d088000000)]
  0x000002b380516000 JavaThread "Execution worker for ':' Thread 4" [_thread_blocked, id=10700, stack(0x000000d088000000,0x000000d088100000)]
  0x000002b380515000 JavaThread "Execution worker for ':' Thread 5" [_thread_blocked, id=6112, stack(0x000000d088100000,0x000000d088200000)]
  0x000002b380512800 JavaThread "Execution worker for ':' Thread 6" [_thread_blocked, id=28700, stack(0x000000d088200000,0x000000d088300000)]
  0x000002b380516800 JavaThread "Execution worker for ':' Thread 7" [_thread_blocked, id=29076, stack(0x000000d088300000,0x000000d088400000)]
  0x000002b380514800 JavaThread "Cache worker for execution history cache (E:\ohjelmointi_projektit\ReseptiKirja\.gradle\7.3.3\executionHistory)" [_thread_blocked, id=11416, stack(0x000000d088400000,0x000000d088500000)]
  0x000002b380517800 JavaThread "Cache worker for Java compile cache (C:\Users\Rasse\.gradle\caches\7.3.3\javaCompile)" [_thread_blocked, id=30180, stack(0x000000d088500000,0x000000d088600000)]
  0x000002b380513800 JavaThread "Build operations" [_thread_blocked, id=30392, stack(0x000000d088600000,0x000000d088700000)]
  0x000002b380512000 JavaThread "Build operations Thread 2" [_thread_blocked, id=1648, stack(0x000000d088700000,0x000000d088800000)]
  0x000002b38051e000 JavaThread "Build operations Thread 3" [_thread_blocked, id=3164, stack(0x000000d088800000,0x000000d088900000)]
  0x000002b38051a000 JavaThread "Build operations Thread 4" [_thread_blocked, id=14076, stack(0x000000d088900000,0x000000d088a00000)]
  0x000002b380518800 JavaThread "Build operations Thread 5" [_thread_blocked, id=22268, stack(0x000000d088a00000,0x000000d088b00000)]
  0x000002b380519000 JavaThread "Build operations Thread 6" [_thread_blocked, id=24616, stack(0x000000d088b00000,0x000000d088c00000)]
  0x000002b38051b000 JavaThread "Build operations Thread 7" [_thread_blocked, id=29388, stack(0x000000d088c00000,0x000000d088d00000)]
  0x000002b380520800 JavaThread "Build operations Thread 8" [_thread_blocked, id=10732, stack(0x000000d088d00000,0x000000d088e00000)]
  0x000002b38051b800 JavaThread "WorkerExecutor Queue" [_thread_blocked, id=27816, stack(0x000000d081a00000,0x000000d081b00000)]
  0x000002b38051f000 JavaThread "WorkerExecutor Queue Thread 2" [_thread_blocked, id=30292, stack(0x000000d089100000,0x000000d089200000)]
  0x000002b38051f800 JavaThread "WorkerExecutor Queue Thread 3" [_thread_in_native, id=21136, stack(0x000000d089200000,0x000000d089300000)]
  0x000002b38051c800 JavaThread "WorkerExecutor Queue Thread 4" [_thread_blocked, id=16480, stack(0x000000d089300000,0x000000d089400000)]
  0x000002b38051d800 JavaThread "WorkerExecutor Queue Thread 5" [_thread_blocked, id=16824, stack(0x000000d089400000,0x000000d089500000)]
  0x000002b3fcfb1800 JavaThread "WorkerExecutor Queue Thread 6" [_thread_blocked, id=22588, stack(0x000000d089500000,0x000000d089600000)]
  0x000002b3fcfae800 JavaThread "WorkerExecutor Queue Thread 7" [_thread_blocked, id=29136, stack(0x000000d089600000,0x000000d089700000)]
  0x000002b3fcfb0000 JavaThread "WorkerExecutor Queue Thread 8" [_thread_blocked, id=9232, stack(0x000000d089700000,0x000000d089800000)]

Other Threads:
  0x000002b3f9629000 VMThread "VM Thread" [stack: 0x000000d0ff800000,0x000000d0ff900000] [id=13992]
  0x000002b3f9807000 WatcherThread [stack: 0x000000d080200000,0x000000d080300000] [id=30660]
  0x000002b3dc9a4000 GCTaskThread "GC Thread#0" [stack: 0x000000d0ff300000,0x000000d0ff400000] [id=10876]
  0x000002b3fa377800 GCTaskThread "GC Thread#1" [stack: 0x000000d080400000,0x000000d080500000] [id=11520]
  0x000002b3fa34f800 GCTaskThread "GC Thread#2" [stack: 0x000000d080500000,0x000000d080600000] [id=28792]
  0x000002b3fa15b800 GCTaskThread "GC Thread#3" [stack: 0x000000d080600000,0x000000d080700000] [id=19388]
  0x000002b3fa53a000 GCTaskThread "GC Thread#4" [stack: 0x000000d080700000,0x000000d080800000] [id=27004]
  0x000002b3f9db2000 GCTaskThread "GC Thread#5" [stack: 0x000000d080800000,0x000000d080900000] [id=17036]
  0x000002b3fb8d2800 GCTaskThread "GC Thread#6" [stack: 0x000000d080b00000,0x000000d080c00000] [id=16456]
  0x000002b3fd125800 GCTaskThread "GC Thread#7" [stack: 0x000000d080c00000,0x000000d080d00000] [id=16252]
  0x000002b3dc9d7800 ConcurrentGCThread "G1 Main Marker" [stack: 0x000000d0ff400000,0x000000d0ff500000] [id=12248]
  0x000002b3dc9d9000 ConcurrentGCThread "G1 Conc#0" [stack: 0x000000d0ff500000,0x000000d0ff600000] [id=28908]
  0x000002b3fa78c800 ConcurrentGCThread "G1 Conc#1" [stack: 0x000000d081800000,0x000000d081900000] [id=30564]
  0x000002b3f8c78800 ConcurrentGCThread "G1 Refine#0" [stack: 0x000000d0ff600000,0x000000d0ff700000] [id=10264]
  0x000002b3feb6f800 ConcurrentGCThread "G1 Refine#1" [stack: 0x000000d088e00000,0x000000d088f00000] [id=18588]
  0x000002b3827a5800 ConcurrentGCThread "G1 Refine#2" [stack: 0x000000d088f00000,0x000000d089000000] [id=872]
  0x000002b3fab2f800 ConcurrentGCThread "G1 Refine#3" [stack: 0x000000d089000000,0x000000d089100000] [id=2744]
  0x000002b3f8c79000 ConcurrentGCThread "G1 Young RemSet Sampling" [stack: 0x000000d0ff700000,0x000000d0ff800000] [id=28852]

Threads with active compile tasks:
C2 CompilerThread0  27522 12235       4       java.lang.reflect.Method::invoke (65 bytes)

VM state:not at safepoint (normal execution)

VM Mutex/Monitor currently owned by a thread: None

Heap address: 0x0000000080000000, size: 2048 MB, Compressed Oops mode: 32-bit
Narrow klass base: 0x0000000000000000, Narrow klass shift: 3
Compressed class space size: 1073741824 Address: 0x0000000100000000

Heap:
 garbage-first heap   total 260096K, used 114412K [0x0000000080000000, 0x0000000100000000)
  region size 1024K, 33 young (33792K), 11 survivors (11264K)
 Metaspace       used 110816K, capacity 114119K, committed 114548K, reserved 1148928K
  class space    used 14618K, capacity 15901K, committed 16072K, reserved 1048576K
Heap Regions: E=young(eden), S=young(survivor), O=old, HS=humongous(starts), HC=humongous(continues), CS=collection set, F=free, A=archive, TAMS=top-at-mark-start (previous, next)
|   0|0x0000000080000000, 0x0000000080100000, 0x0000000080100000|100%| O|  |TAMS 0x0000000080100000, 0x0000000080000000| Untracked 
|   1|0x0000000080100000, 0x0000000080200000, 0x0000000080200000|100%| O|  |TAMS 0x0000000080200000, 0x0000000080100000| Untracked 
|   2|0x0000000080200000, 0x0000000080300000, 0x0000000080300000|100%| O|  |TAMS 0x0000000080300000, 0x0000000080200000| Untracked 
|   3|0x0000000080300000, 0x0000000080400000, 0x0000000080400000|100%|HS|  |TAMS 0x0000000080400000, 0x0000000080300000| Complete 
|   4|0x0000000080400000, 0x0000000080500000, 0x0000000080500000|100%|HC|  |TAMS 0x0000000080500000, 0x0000000080400000| Complete 
|   5|0x0000000080500000, 0x0000000080600000, 0x0000000080600000|100%|HC|  |TAMS 0x0000000080600000, 0x0000000080500000| Complete 
|   6|0x0000000080600000, 0x0000000080700000, 0x0000000080700000|100%| O|  |TAMS 0x0000000080700000, 0x0000000080600000| Untracked 
|   7|0x0000000080700000, 0x0000000080800000, 0x0000000080800000|100%| O|  |TAMS 0x0000000080800000, 0x0000000080700000| Untracked 
|   8|0x0000000080800000, 0x0000000080900000, 0x0000000080900000|100%| O|  |TAMS 0x0000000080900000, 0x0000000080800000| Untracked 
|   9|0x0000000080900000, 0x0000000080a00000, 0x0000000080a00000|100%| O|  |TAMS 0x0000000080a00000, 0x0000000080900000| Untracked 
|  10|0x0000000080a00000, 0x0000000080b00000, 0x0000000080b00000|100%| O|  |TAMS 0x0000000080b00000, 0x0000000080a00000| Untracked 
|  11|0x0000000080b00000, 0x0000000080c00000, 0x0000000080c00000|100%| O|  |TAMS 0x0000000080c00000, 0x0000000080b00000| Untracked 
|  12|0x0000000080c00000, 0x0000000080d00000, 0x0000000080d00000|100%| O|  |TAMS 0x0000000080d00000, 0x0000000080c00000| Untracked 
|  13|0x0000000080d00000, 0x0000000080e00000, 0x0000000080e00000|100%| O|  |TAMS 0x0000000080e00000, 0x0000000080d00000| Untracked 
|  14|0x0000000080e00000, 0x0000000080f00000, 0x0000000080f00000|100%| O|  |TAMS 0x0000000080f00000, 0x0000000080e00000| Untracked 
|  15|0x0000000080f00000, 0x0000000081000000, 0x0000000081000000|100%| O|  |TAMS 0x0000000081000000, 0x0000000080f00000| Untracked 
|  16|0x0000000081000000, 0x0000000081100000, 0x0000000081100000|100%|HS|  |TAMS 0x0000000081100000, 0x0000000081000000| Complete 
|  17|0x0000000081100000, 0x0000000081200000, 0x0000000081200000|100%|HS|  |TAMS 0x0000000081200000, 0x0000000081100000| Complete 
|  18|0x0000000081200000, 0x0000000081300000, 0x0000000081300000|100%|HS|  |TAMS 0x0000000081300000, 0x0000000081200000| Complete 
|  19|0x0000000081300000, 0x0000000081400000, 0x0000000081400000|100%|HC|  |TAMS 0x0000000081400000, 0x0000000081300000| Complete 
|  20|0x0000000081400000, 0x0000000081500000, 0x0000000081500000|100%| O|  |TAMS 0x0000000081500000, 0x0000000081400000| Untracked 
|  21|0x0000000081500000, 0x0000000081600000, 0x0000000081600000|100%| O|  |TAMS 0x0000000081600000, 0x0000000081500000| Untracked 
|  22|0x0000000081600000, 0x0000000081700000, 0x0000000081700000|100%| O|  |TAMS 0x0000000081700000, 0x0000000081600000| Untracked 
|  23|0x0000000081700000, 0x0000000081800000, 0x0000000081800000|100%| O|  |TAMS 0x0000000081800000, 0x0000000081700000| Untracked 
|  24|0x0000000081800000, 0x0000000081900000, 0x0000000081900000|100%| O|  |TAMS 0x0000000081900000, 0x0000000081800000| Untracked 
|  25|0x0000000081900000, 0x0000000081a00000, 0x0000000081a00000|100%| O|  |TAMS 0x0000000081a00000, 0x0000000081900000| Untracked 
|  26|0x0000000081a00000, 0x0000000081b00000, 0x0000000081b00000|100%| O|  |TAMS 0x0000000081b00000, 0x0000000081a00000| Untracked 
|  27|0x0000000081b00000, 0x0000000081c00000, 0x0000000081c00000|100%| O|  |TAMS 0x0000000081c00000, 0x0000000081b00000| Untracked 
|  28|0x0000000081c00000, 0x0000000081d00000, 0x0000000081d00000|100%| O|  |TAMS 0x0000000081d00000, 0x0000000081c00000| Untracked 
|  29|0x0000000081d00000, 0x0000000081e00000, 0x0000000081e00000|100%| O|  |TAMS 0x0000000081e00000, 0x0000000081d00000| Untracked 
|  30|0x0000000081e00000, 0x0000000081f00000, 0x0000000081f00000|100%| O|  |TAMS 0x0000000081f00000, 0x0000000081e00000| Untracked 
|  31|0x0000000081f00000, 0x0000000082000000, 0x0000000082000000|100%| O|  |TAMS 0x0000000082000000, 0x0000000081f00000| Untracked 
|  32|0x0000000082000000, 0x0000000082100000, 0x0000000082100000|100%| O|  |TAMS 0x0000000082100000, 0x0000000082000000| Untracked 
|  33|0x0000000082100000, 0x0000000082200000, 0x0000000082200000|100%| O|  |TAMS 0x0000000082200000, 0x0000000082100000| Untracked 
|  34|0x0000000082200000, 0x0000000082300000, 0x0000000082300000|100%| O|  |TAMS 0x0000000082300000, 0x0000000082200000| Untracked 
|  35|0x0000000082300000, 0x0000000082400000, 0x0000000082400000|100%| O|  |TAMS 0x0000000082400000, 0x0000000082300000| Untracked 
|  36|0x0000000082400000, 0x0000000082500000, 0x0000000082500000|100%| O|  |TAMS 0x0000000082500000, 0x0000000082400000| Untracked 
|  37|0x0000000082500000, 0x0000000082600000, 0x0000000082600000|100%| O|  |TAMS 0x0000000082600000, 0x0000000082500000| Untracked 
|  38|0x0000000082600000, 0x0000000082700000, 0x0000000082700000|100%| O|  |TAMS 0x0000000082700000, 0x0000000082600000| Untracked 
|  39|0x0000000082700000, 0x0000000082800000, 0x0000000082800000|100%| O|  |TAMS 0x0000000082800000, 0x0000000082700000| Untracked 
|  40|0x0000000082800000, 0x0000000082900000, 0x0000000082900000|100%| O|  |TAMS 0x0000000082900000, 0x0000000082800000| Untracked 
|  41|0x0000000082900000, 0x0000000082a00000, 0x0000000082a00000|100%| O|  |TAMS 0x0000000082a00000, 0x0000000082900000| Untracked 
|  42|0x0000000082a00000, 0x0000000082b00000, 0x0000000082b00000|100%| O|  |TAMS 0x0000000082b00000, 0x0000000082a00000| Untracked 
|  43|0x0000000082b00000, 0x0000000082c00000, 0x0000000082c00000|100%| O|  |TAMS 0x0000000082c00000, 0x0000000082b00000| Untracked 
|  44|0x0000000082c00000, 0x0000000082d00000, 0x0000000082d00000|100%| O|  |TAMS 0x0000000082d00000, 0x0000000082c00000| Untracked 
|  45|0x0000000082d00000, 0x0000000082e00000, 0x0000000082e00000|100%| O|  |TAMS 0x0000000082e00000, 0x0000000082d00000| Untracked 
|  46|0x0000000082e00000, 0x0000000082f00000, 0x0000000082f00000|100%| O|  |TAMS 0x0000000082f00000, 0x0000000082e00000| Untracked 
|  47|0x0000000082f00000, 0x0000000083000000, 0x0000000083000000|100%| O|  |TAMS 0x0000000083000000, 0x0000000082f00000| Untracked 
|  48|0x0000000083000000, 0x0000000083100000, 0x0000000083100000|100%| O|  |TAMS 0x0000000083100000, 0x0000000083000000| Untracked 
|  49|0x0000000083100000, 0x0000000083200000, 0x0000000083200000|100%| O|  |TAMS 0x0000000083200000, 0x0000000083100000| Untracked 
|  50|0x0000000083200000, 0x0000000083300000, 0x0000000083300000|100%| O|  |TAMS 0x0000000083300000, 0x0000000083200000| Untracked 
|  51|0x0000000083300000, 0x0000000083400000, 0x0000000083400000|100%| O|  |TAMS 0x0000000083400000, 0x0000000083300000| Untracked 
|  52|0x0000000083400000, 0x0000000083500000, 0x0000000083500000|100%| O|  |TAMS 0x0000000083500000, 0x0000000083400000| Untracked 
|  53|0x0000000083500000, 0x0000000083600000, 0x0000000083600000|100%|HS|  |TAMS 0x0000000083600000, 0x0000000083500000| Complete 
|  54|0x0000000083600000, 0x0000000083700000, 0x0000000083700000|100%|HC|  |TAMS 0x0000000083700000, 0x0000000083600000| Complete 
|  55|0x0000000083700000, 0x0000000083800000, 0x0000000083800000|100%| O|  |TAMS 0x0000000083800000, 0x0000000083700000| Untracked 
|  56|0x0000000083800000, 0x0000000083900000, 0x0000000083900000|100%| O|  |TAMS 0x0000000083900000, 0x0000000083800000| Untracked 
|  57|0x0000000083900000, 0x0000000083a00000, 0x0000000083a00000|100%| O|  |TAMS 0x0000000083a00000, 0x0000000083900000| Untracked 
|  58|0x0000000083a00000, 0x0000000083b00000, 0x0000000083b00000|100%| O|  |TAMS 0x0000000083b00000, 0x0000000083a00000| Untracked 
|  59|0x0000000083b00000, 0x0000000083c00000, 0x0000000083c00000|100%| O|  |TAMS 0x0000000083c00000, 0x0000000083b00000| Untracked 
|  60|0x0000000083c00000, 0x0000000083d00000, 0x0000000083d00000|100%| O|  |TAMS 0x0000000083d00000, 0x0000000083c00000| Untracked 
|  61|0x0000000083d00000, 0x0000000083e00000, 0x0000000083e00000|100%| O|  |TAMS 0x0000000083e00000, 0x0000000083d00000| Untracked 
|  62|0x0000000083e00000, 0x0000000083f00000, 0x0000000083f00000|100%| O|  |TAMS 0x0000000083f00000, 0x0000000083e00000| Untracked 
|  63|0x0000000083f00000, 0x0000000084000000, 0x0000000084000000|100%| O|  |TAMS 0x0000000084000000, 0x0000000083f00000| Untracked 
|  64|0x0000000084000000, 0x0000000084100000, 0x0000000084100000|100%| O|  |TAMS 0x0000000084100000, 0x0000000084000000| Untracked 
|  65|0x0000000084100000, 0x0000000084200000, 0x0000000084200000|100%| O|  |TAMS 0x0000000084200000, 0x0000000084100000| Untracked 
|  66|0x0000000084200000, 0x0000000084300000, 0x0000000084300000|100%| O|  |TAMS 0x0000000084300000, 0x0000000084200000| Untracked 
|  67|0x0000000084300000, 0x0000000084300000, 0x0000000084400000|  0%| F|  |TAMS 0x0000000084300000, 0x0000000084300000| Untracked 
|  68|0x0000000084400000, 0x0000000084500000, 0x0000000084500000|100%| O|  |TAMS 0x0000000084500000, 0x0000000084400000| Untracked 
|  69|0x0000000084500000, 0x0000000084600000, 0x0000000084600000|100%| O|  |TAMS 0x0000000084600000, 0x0000000084500000| Untracked 
|  70|0x0000000084600000, 0x0000000084700000, 0x0000000084700000|100%| O|  |TAMS 0x0000000084700000, 0x0000000084600000| Untracked 
|  71|0x0000000084700000, 0x0000000084800000, 0x0000000084800000|100%| O|  |TAMS 0x0000000084800000, 0x0000000084700000| Untracked 
|  72|0x0000000084800000, 0x0000000084900000, 0x0000000084900000|100%| O|  |TAMS 0x0000000084900000, 0x0000000084800000| Untracked 
|  73|0x0000000084900000, 0x0000000084a00000, 0x0000000084a00000|100%| O|  |TAMS 0x0000000084a00000, 0x0000000084900000| Untracked 
|  74|0x0000000084a00000, 0x0000000084b00000, 0x0000000084b00000|100%| O|  |TAMS 0x0000000084b00000, 0x0000000084a00000| Untracked 
|  75|0x0000000084b00000, 0x0000000084c00000, 0x0000000084c00000|100%| O|  |TAMS 0x0000000084c00000, 0x0000000084b00000| Untracked 
|  76|0x0000000084c00000, 0x0000000084d00000, 0x0000000084d00000|100%| O|  |TAMS 0x0000000084d00000, 0x0000000084c00000| Untracked 
|  77|0x0000000084d00000, 0x0000000084e00000, 0x0000000084e00000|100%| O|  |TAMS 0x0000000084e00000, 0x0000000084d00000| Untracked 
|  78|0x0000000084e00000, 0x0000000084f00000, 0x0000000084f00000|100%| O|  |TAMS 0x0000000084f00000, 0x0000000084e00000| Untracked 
|  79|0x0000000084f00000, 0x0000000085000000, 0x0000000085000000|100%| O|  |TAMS 0x0000000085000000, 0x0000000084f00000| Untracked 
|  80|0x0000000085000000, 0x0000000085100000, 0x0000000085100000|100%| O|  |TAMS 0x0000000085100000, 0x0000000085000000| Untracked 
|  81|0x0000000085100000, 0x00000000851c6e00, 0x0000000085200000| 77%| O|  |TAMS 0x00000000851c6e00, 0x0000000085100000| Untracked 
|  82|0x0000000085200000, 0x0000000085200000, 0x0000000085300000|  0%| F|  |TAMS 0x0000000085200000, 0x0000000085200000| Untracked 
|  83|0x0000000085300000, 0x0000000085300000, 0x0000000085400000|  0%| F|  |TAMS 0x0000000085300000, 0x0000000085300000| Untracked 
|  84|0x0000000085400000, 0x0000000085400000, 0x0000000085500000|  0%| F|  |TAMS 0x0000000085400000, 0x0000000085400000| Untracked 
|  85|0x0000000085500000, 0x0000000085500000, 0x0000000085600000|  0%| F|  |TAMS 0x0000000085500000, 0x0000000085500000| Untracked 
|  86|0x0000000085600000, 0x0000000085600000, 0x0000000085700000|  0%| F|  |TAMS 0x0000000085600000, 0x0000000085600000| Untracked 
|  87|0x0000000085700000, 0x0000000085700000, 0x0000000085800000|  0%| F|  |TAMS 0x0000000085700000, 0x0000000085700000| Untracked 
|  88|0x0000000085800000, 0x0000000085800000, 0x0000000085900000|  0%| F|  |TAMS 0x0000000085800000, 0x0000000085800000| Untracked 
|  89|0x0000000085900000, 0x0000000085900000, 0x0000000085a00000|  0%| F|  |TAMS 0x0000000085900000, 0x0000000085900000| Untracked 
|  90|0x0000000085a00000, 0x0000000085a00000, 0x0000000085b00000|  0%| F|  |TAMS 0x0000000085a00000, 0x0000000085a00000| Untracked 
|  91|0x0000000085b00000, 0x0000000085b00000, 0x0000000085c00000|  0%| F|  |TAMS 0x0000000085b00000, 0x0000000085b00000| Untracked 
|  92|0x0000000085c00000, 0x0000000085c00000, 0x0000000085d00000|  0%| F|  |TAMS 0x0000000085c00000, 0x0000000085c00000| Untracked 
|  93|0x0000000085d00000, 0x0000000085d00000, 0x0000000085e00000|  0%| F|  |TAMS 0x0000000085d00000, 0x0000000085d00000| Untracked 
|  94|0x0000000085e00000, 0x0000000085e00000, 0x0000000085f00000|  0%| F|  |TAMS 0x0000000085e00000, 0x0000000085e00000| Untracked 
|  95|0x0000000085f00000, 0x0000000085f00000, 0x0000000086000000|  0%| F|  |TAMS 0x0000000085f00000, 0x0000000085f00000| Untracked 
|  96|0x0000000086000000, 0x0000000086000000, 0x0000000086100000|  0%| F|  |TAMS 0x0000000086000000, 0x0000000086000000| Untracked 
|  97|0x0000000086100000, 0x0000000086100000, 0x0000000086200000|  0%| F|  |TAMS 0x0000000086100000, 0x0000000086100000| Untracked 
|  98|0x0000000086200000, 0x0000000086200000, 0x0000000086300000|  0%| F|  |TAMS 0x0000000086200000, 0x0000000086200000| Untracked 
|  99|0x0000000086300000, 0x0000000086300000, 0x0000000086400000|  0%| F|  |TAMS 0x0000000086300000, 0x0000000086300000| Untracked 
| 100|0x0000000086400000, 0x0000000086400000, 0x0000000086500000|  0%| F|  |TAMS 0x0000000086400000, 0x0000000086400000| Untracked 
| 101|0x0000000086500000, 0x0000000086500000, 0x0000000086600000|  0%| F|  |TAMS 0x0000000086500000, 0x0000000086500000| Untracked 
| 102|0x0000000086600000, 0x0000000086600000, 0x0000000086700000|  0%| F|  |TAMS 0x0000000086600000, 0x0000000086600000| Untracked 
| 103|0x0000000086700000, 0x0000000086700000, 0x0000000086800000|  0%| F|  |TAMS 0x0000000086700000, 0x0000000086700000| Untracked 
| 104|0x0000000086800000, 0x0000000086800000, 0x0000000086900000|  0%| F|  |TAMS 0x0000000086800000, 0x0000000086800000| Untracked 
| 105|0x0000000086900000, 0x0000000086900000, 0x0000000086a00000|  0%| F|  |TAMS 0x0000000086900000, 0x0000000086900000| Untracked 
| 106|0x0000000086a00000, 0x0000000086a00000, 0x0000000086b00000|  0%| F|  |TAMS 0x0000000086a00000, 0x0000000086a00000| Untracked 
| 107|0x0000000086b00000, 0x0000000086b00000, 0x0000000086c00000|  0%| F|  |TAMS 0x0000000086b00000, 0x0000000086b00000| Untracked 
| 108|0x0000000086c00000, 0x0000000086c00000, 0x0000000086d00000|  0%| F|  |TAMS 0x0000000086c00000, 0x0000000086c00000| Untracked 
| 109|0x0000000086d00000, 0x0000000086d00000, 0x0000000086e00000|  0%| F|  |TAMS 0x0000000086d00000, 0x0000000086d00000| Untracked 
| 110|0x0000000086e00000, 0x0000000086e00000, 0x0000000086f00000|  0%| F|  |TAMS 0x0000000086e00000, 0x0000000086e00000| Untracked 
| 111|0x0000000086f00000, 0x0000000086f00000, 0x0000000087000000|  0%| F|  |TAMS 0x0000000086f00000, 0x0000000086f00000| Untracked 
| 112|0x0000000087000000, 0x0000000087000000, 0x0000000087100000|  0%| F|  |TAMS 0x0000000087000000, 0x0000000087000000| Untracked 
| 113|0x0000000087100000, 0x0000000087100000, 0x0000000087200000|  0%| F|  |TAMS 0x0000000087100000, 0x0000000087100000| Untracked 
| 114|0x0000000087200000, 0x0000000087200000, 0x0000000087300000|  0%| F|  |TAMS 0x0000000087200000, 0x0000000087200000| Untracked 
| 115|0x0000000087300000, 0x0000000087300000, 0x0000000087400000|  0%| F|  |TAMS 0x0000000087300000, 0x0000000087300000| Untracked 
| 116|0x0000000087400000, 0x0000000087400000, 0x0000000087500000|  0%| F|  |TAMS 0x0000000087400000, 0x0000000087400000| Untracked 
| 117|0x0000000087500000, 0x0000000087500000, 0x0000000087600000|  0%| F|  |TAMS 0x0000000087500000, 0x0000000087500000| Untracked 
| 118|0x0000000087600000, 0x0000000087600000, 0x0000000087700000|  0%| F|  |TAMS 0x0000000087600000, 0x0000000087600000| Untracked 
| 119|0x0000000087700000, 0x0000000087700000, 0x0000000087800000|  0%| F|  |TAMS 0x0000000087700000, 0x0000000087700000| Untracked 
| 120|0x0000000087800000, 0x0000000087800000, 0x0000000087900000|  0%| F|  |TAMS 0x0000000087800000, 0x0000000087800000| Untracked 
| 121|0x0000000087900000, 0x0000000087900000, 0x0000000087a00000|  0%| F|  |TAMS 0x0000000087900000, 0x0000000087900000| Untracked 
| 122|0x0000000087a00000, 0x0000000087a00000, 0x0000000087b00000|  0%| F|  |TAMS 0x0000000087a00000, 0x0000000087a00000| Untracked 
| 123|0x0000000087b00000, 0x0000000087b00000, 0x0000000087c00000|  0%| F|  |TAMS 0x0000000087b00000, 0x0000000087b00000| Untracked 
| 124|0x0000000087c00000, 0x0000000087c00000, 0x0000000087d00000|  0%| F|  |TAMS 0x0000000087c00000, 0x0000000087c00000| Untracked 
| 125|0x0000000087d00000, 0x0000000087d00000, 0x0000000087e00000|  0%| F|  |TAMS 0x0000000087d00000, 0x0000000087d00000| Untracked 
| 126|0x0000000087e00000, 0x0000000087e00000, 0x0000000087f00000|  0%| F|  |TAMS 0x0000000087e00000, 0x0000000087e00000| Untracked 
| 127|0x0000000087f00000, 0x0000000087f00000, 0x0000000088000000|  0%| F|  |TAMS 0x0000000087f00000, 0x0000000087f00000| Untracked 
| 128|0x0000000088000000, 0x0000000088000000, 0x0000000088100000|  0%| F|  |TAMS 0x0000000088000000, 0x0000000088000000| Untracked 
| 129|0x0000000088100000, 0x0000000088100000, 0x0000000088200000|  0%| F|  |TAMS 0x0000000088100000, 0x0000000088100000| Untracked 
| 130|0x0000000088200000, 0x0000000088200000, 0x0000000088300000|  0%| F|  |TAMS 0x0000000088200000, 0x0000000088200000| Untracked 
| 131|0x0000000088300000, 0x0000000088300000, 0x0000000088400000|  0%| F|  |TAMS 0x0000000088300000, 0x0000000088300000| Untracked 
| 132|0x0000000088400000, 0x0000000088400000, 0x0000000088500000|  0%| F|  |TAMS 0x0000000088400000, 0x0000000088400000| Untracked 
| 133|0x0000000088500000, 0x0000000088500000, 0x0000000088600000|  0%| F|  |TAMS 0x0000000088500000, 0x0000000088500000| Untracked 
| 134|0x0000000088600000, 0x0000000088600000, 0x0000000088700000|  0%| F|  |TAMS 0x0000000088600000, 0x0000000088600000| Untracked 
| 135|0x0000000088700000, 0x0000000088700000, 0x0000000088800000|  0%| F|  |TAMS 0x0000000088700000, 0x0000000088700000| Untracked 
| 136|0x0000000088800000, 0x0000000088800000, 0x0000000088900000|  0%| F|  |TAMS 0x0000000088800000, 0x0000000088800000| Untracked 
| 137|0x0000000088900000, 0x0000000088900000, 0x0000000088a00000|  0%| F|  |TAMS 0x0000000088900000, 0x0000000088900000| Untracked 
| 138|0x0000000088a00000, 0x0000000088a00000, 0x0000000088b00000|  0%| F|  |TAMS 0x0000000088a00000, 0x0000000088a00000| Untracked 
| 139|0x0000000088b00000, 0x0000000088b00000, 0x0000000088c00000|  0%| F|  |TAMS 0x0000000088b00000, 0x0000000088b00000| Untracked 
| 140|0x0000000088c00000, 0x0000000088c00000, 0x0000000088d00000|  0%| F|  |TAMS 0x0000000088c00000, 0x0000000088c00000| Untracked 
| 141|0x0000000088d00000, 0x0000000088d00000, 0x0000000088e00000|  0%| F|  |TAMS 0x0000000088d00000, 0x0000000088d00000| Untracked 
| 142|0x0000000088e00000, 0x0000000088e00000, 0x0000000088f00000|  0%| F|  |TAMS 0x0000000088e00000, 0x0000000088e00000| Untracked 
| 143|0x0000000088f00000, 0x0000000088f00000, 0x0000000089000000|  0%| F|  |TAMS 0x0000000088f00000, 0x0000000088f00000| Untracked 
| 144|0x0000000089000000, 0x0000000089000000, 0x0000000089100000|  0%| F|  |TAMS 0x0000000089000000, 0x0000000089000000| Untracked 
| 145|0x0000000089100000, 0x0000000089100000, 0x0000000089200000|  0%| F|  |TAMS 0x0000000089100000, 0x0000000089100000| Untracked 
| 146|0x0000000089200000, 0x0000000089200000, 0x0000000089300000|  0%| F|  |TAMS 0x0000000089200000, 0x0000000089200000| Untracked 
| 147|0x0000000089300000, 0x0000000089300000, 0x0000000089400000|  0%| F|  |TAMS 0x0000000089300000, 0x0000000089300000| Untracked 
| 148|0x0000000089400000, 0x0000000089400000, 0x0000000089500000|  0%| F|  |TAMS 0x0000000089400000, 0x0000000089400000| Untracked 
| 149|0x0000000089500000, 0x00000000895f4220, 0x0000000089600000| 95%| S|CS|TAMS 0x0000000089500000, 0x0000000089500000| Complete 
| 150|0x0000000089600000, 0x0000000089700000, 0x0000000089700000|100%| S|CS|TAMS 0x0000000089600000, 0x0000000089600000| Complete 
| 151|0x0000000089700000, 0x0000000089800000, 0x0000000089800000|100%| S|CS|TAMS 0x0000000089700000, 0x0000000089700000| Complete 
| 152|0x0000000089800000, 0x0000000089900000, 0x0000000089900000|100%| S|CS|TAMS 0x0000000089800000, 0x0000000089800000| Complete 
| 153|0x0000000089900000, 0x0000000089a00000, 0x0000000089a00000|100%| S|CS|TAMS 0x0000000089900000, 0x0000000089900000| Complete 
| 154|0x0000000089a00000, 0x0000000089b00000, 0x0000000089b00000|100%| S|CS|TAMS 0x0000000089a00000, 0x0000000089a00000| Complete 
| 155|0x0000000089b00000, 0x0000000089c00000, 0x0000000089c00000|100%| S|CS|TAMS 0x0000000089b00000, 0x0000000089b00000| Complete 
| 156|0x0000000089c00000, 0x0000000089d00000, 0x0000000089d00000|100%| S|CS|TAMS 0x0000000089c00000, 0x0000000089c00000| Complete 
| 157|0x0000000089d00000, 0x0000000089e00000, 0x0000000089e00000|100%| S|CS|TAMS 0x0000000089d00000, 0x0000000089d00000| Complete 
| 158|0x0000000089e00000, 0x0000000089f00000, 0x0000000089f00000|100%| S|CS|TAMS 0x0000000089e00000, 0x0000000089e00000| Complete 
| 159|0x0000000089f00000, 0x000000008a000000, 0x000000008a000000|100%| S|CS|TAMS 0x0000000089f00000, 0x0000000089f00000| Complete 
| 160|0x000000008a000000, 0x000000008a000000, 0x000000008a100000|  0%| F|  |TAMS 0x000000008a000000, 0x000000008a000000| Untracked 
| 161|0x000000008a100000, 0x000000008a100000, 0x000000008a200000|  0%| F|  |TAMS 0x000000008a100000, 0x000000008a100000| Untracked 
| 162|0x000000008a200000, 0x000000008a200000, 0x000000008a300000|  0%| F|  |TAMS 0x000000008a200000, 0x000000008a200000| Untracked 
| 163|0x000000008a300000, 0x000000008a300000, 0x000000008a400000|  0%| F|  |TAMS 0x000000008a300000, 0x000000008a300000| Untracked 
| 164|0x000000008a400000, 0x000000008a400000, 0x000000008a500000|  0%| F|  |TAMS 0x000000008a400000, 0x000000008a400000| Untracked 
| 165|0x000000008a500000, 0x000000008a500000, 0x000000008a600000|  0%| F|  |TAMS 0x000000008a500000, 0x000000008a500000| Untracked 
| 166|0x000000008a600000, 0x000000008a600000, 0x000000008a700000|  0%| F|  |TAMS 0x000000008a600000, 0x000000008a600000| Untracked 
| 167|0x000000008a700000, 0x000000008a700000, 0x000000008a800000|  0%| F|  |TAMS 0x000000008a700000, 0x000000008a700000| Untracked 
| 168|0x000000008a800000, 0x000000008a800000, 0x000000008a900000|  0%| F|  |TAMS 0x000000008a800000, 0x000000008a800000| Untracked 
| 169|0x000000008a900000, 0x000000008a900000, 0x000000008aa00000|  0%| F|  |TAMS 0x000000008a900000, 0x000000008a900000| Untracked 
| 170|0x000000008aa00000, 0x000000008aa00000, 0x000000008ab00000|  0%| F|  |TAMS 0x000000008aa00000, 0x000000008aa00000| Untracked 
| 171|0x000000008ab00000, 0x000000008ab00000, 0x000000008ac00000|  0%| F|  |TAMS 0x000000008ab00000, 0x000000008ab00000| Untracked 
| 172|0x000000008ac00000, 0x000000008ac00000, 0x000000008ad00000|  0%| F|  |TAMS 0x000000008ac00000, 0x000000008ac00000| Untracked 
| 173|0x000000008ad00000, 0x000000008ad00000, 0x000000008ae00000|  0%| F|  |TAMS 0x000000008ad00000, 0x000000008ad00000| Untracked 
| 174|0x000000008ae00000, 0x000000008ae00000, 0x000000008af00000|  0%| F|  |TAMS 0x000000008ae00000, 0x000000008ae00000| Untracked 
| 175|0x000000008af00000, 0x000000008af00000, 0x000000008b000000|  0%| F|  |TAMS 0x000000008af00000, 0x000000008af00000| Untracked 
| 176|0x000000008b000000, 0x000000008b000000, 0x000000008b100000|  0%| F|  |TAMS 0x000000008b000000, 0x000000008b000000| Untracked 
| 177|0x000000008b100000, 0x000000008b100000, 0x000000008b200000|  0%| F|  |TAMS 0x000000008b100000, 0x000000008b100000| Untracked 
| 178|0x000000008b200000, 0x000000008b200000, 0x000000008b300000|  0%| F|  |TAMS 0x000000008b200000, 0x000000008b200000| Untracked 
| 179|0x000000008b300000, 0x000000008b300000, 0x000000008b400000|  0%| F|  |TAMS 0x000000008b300000, 0x000000008b300000| Untracked 
| 180|0x000000008b400000, 0x000000008b400000, 0x000000008b500000|  0%| F|  |TAMS 0x000000008b400000, 0x000000008b400000| Untracked 
| 181|0x000000008b500000, 0x000000008b500000, 0x000000008b600000|  0%| F|  |TAMS 0x000000008b500000, 0x000000008b500000| Untracked 
| 182|0x000000008b600000, 0x000000008b600000, 0x000000008b700000|  0%| F|  |TAMS 0x000000008b600000, 0x000000008b600000| Untracked 
| 183|0x000000008b700000, 0x000000008b700000, 0x000000008b800000|  0%| F|  |TAMS 0x000000008b700000, 0x000000008b700000| Untracked 
| 184|0x000000008b800000, 0x000000008b800000, 0x000000008b900000|  0%| F|  |TAMS 0x000000008b800000, 0x000000008b800000| Untracked 
| 185|0x000000008b900000, 0x000000008b900000, 0x000000008ba00000|  0%| F|  |TAMS 0x000000008b900000, 0x000000008b900000| Untracked 
| 186|0x000000008ba00000, 0x000000008ba00000, 0x000000008bb00000|  0%| F|  |TAMS 0x000000008ba00000, 0x000000008ba00000| Untracked 
| 187|0x000000008bb00000, 0x000000008bb00000, 0x000000008bc00000|  0%| F|  |TAMS 0x000000008bb00000, 0x000000008bb00000| Untracked 
| 188|0x000000008bc00000, 0x000000008bc00000, 0x000000008bd00000|  0%| F|  |TAMS 0x000000008bc00000, 0x000000008bc00000| Untracked 
| 189|0x000000008bd00000, 0x000000008bd00000, 0x000000008be00000|  0%| F|  |TAMS 0x000000008bd00000, 0x000000008bd00000| Untracked 
| 190|0x000000008be00000, 0x000000008be00000, 0x000000008bf00000|  0%| F|  |TAMS 0x000000008be00000, 0x000000008be00000| Untracked 
| 191|0x000000008bf00000, 0x000000008bf00000, 0x000000008c000000|  0%| F|  |TAMS 0x000000008bf00000, 0x000000008bf00000| Untracked 
| 192|0x000000008c000000, 0x000000008c000000, 0x000000008c100000|  0%| F|  |TAMS 0x000000008c000000, 0x000000008c000000| Untracked 
| 193|0x000000008c100000, 0x000000008c100000, 0x000000008c200000|  0%| F|  |TAMS 0x000000008c100000, 0x000000008c100000| Untracked 
| 194|0x000000008c200000, 0x000000008c200000, 0x000000008c300000|  0%| F|  |TAMS 0x000000008c200000, 0x000000008c200000| Untracked 
| 195|0x000000008c300000, 0x000000008c300000, 0x000000008c400000|  0%| F|  |TAMS 0x000000008c300000, 0x000000008c300000| Untracked 
| 196|0x000000008c400000, 0x000000008c400000, 0x000000008c500000|  0%| F|  |TAMS 0x000000008c400000, 0x000000008c400000| Untracked 
| 197|0x000000008c500000, 0x000000008c500000, 0x000000008c600000|  0%| F|  |TAMS 0x000000008c500000, 0x000000008c500000| Untracked 
| 198|0x000000008c600000, 0x000000008c600000, 0x000000008c700000|  0%| F|  |TAMS 0x000000008c600000, 0x000000008c600000| Untracked 
| 199|0x000000008c700000, 0x000000008c700000, 0x000000008c800000|  0%| F|  |TAMS 0x000000008c700000, 0x000000008c700000| Untracked 
| 200|0x000000008c800000, 0x000000008c800000, 0x000000008c900000|  0%| F|  |TAMS 0x000000008c800000, 0x000000008c800000| Untracked 
| 201|0x000000008c900000, 0x000000008c900000, 0x000000008ca00000|  0%| F|  |TAMS 0x000000008c900000, 0x000000008c900000| Untracked 
| 202|0x000000008ca00000, 0x000000008ca00000, 0x000000008cb00000|  0%| F|  |TAMS 0x000000008ca00000, 0x000000008ca00000| Untracked 
| 203|0x000000008cb00000, 0x000000008cb00000, 0x000000008cc00000|  0%| F|  |TAMS 0x000000008cb00000, 0x000000008cb00000| Untracked 
| 204|0x000000008cc00000, 0x000000008cc00000, 0x000000008cd00000|  0%| F|  |TAMS 0x000000008cc00000, 0x000000008cc00000| Untracked 
| 205|0x000000008cd00000, 0x000000008cd00000, 0x000000008ce00000|  0%| F|  |TAMS 0x000000008cd00000, 0x000000008cd00000| Untracked 
| 206|0x000000008ce00000, 0x000000008ce00000, 0x000000008cf00000|  0%| F|  |TAMS 0x000000008ce00000, 0x000000008ce00000| Untracked 
| 207|0x000000008cf00000, 0x000000008cf00000, 0x000000008d000000|  0%| F|  |TAMS 0x000000008cf00000, 0x000000008cf00000| Untracked 
| 208|0x000000008d000000, 0x000000008d000000, 0x000000008d100000|  0%| F|  |TAMS 0x000000008d000000, 0x000000008d000000| Untracked 
| 209|0x000000008d100000, 0x000000008d100000, 0x000000008d200000|  0%| F|  |TAMS 0x000000008d100000, 0x000000008d100000| Untracked 
| 210|0x000000008d200000, 0x000000008d200000, 0x000000008d300000|  0%| F|  |TAMS 0x000000008d200000, 0x000000008d200000| Untracked 
| 211|0x000000008d300000, 0x000000008d300000, 0x000000008d400000|  0%| F|  |TAMS 0x000000008d300000, 0x000000008d300000| Untracked 
| 212|0x000000008d400000, 0x000000008d400000, 0x000000008d500000|  0%| F|  |TAMS 0x000000008d400000, 0x000000008d400000| Untracked 
| 213|0x000000008d500000, 0x000000008d500000, 0x000000008d600000|  0%| F|  |TAMS 0x000000008d500000, 0x000000008d500000| Untracked 
| 214|0x000000008d600000, 0x000000008d600000, 0x000000008d700000|  0%| F|  |TAMS 0x000000008d600000, 0x000000008d600000| Untracked 
| 215|0x000000008d700000, 0x000000008d700000, 0x000000008d800000|  0%| F|  |TAMS 0x000000008d700000, 0x000000008d700000| Untracked 
| 216|0x000000008d800000, 0x000000008d800000, 0x000000008d900000|  0%| F|  |TAMS 0x000000008d800000, 0x000000008d800000| Untracked 
| 217|0x000000008d900000, 0x000000008d900000, 0x000000008da00000|  0%| F|  |TAMS 0x000000008d900000, 0x000000008d900000| Untracked 
| 218|0x000000008da00000, 0x000000008da00000, 0x000000008db00000|  0%| F|  |TAMS 0x000000008da00000, 0x000000008da00000| Untracked 
| 219|0x000000008db00000, 0x000000008db00000, 0x000000008dc00000|  0%| F|  |TAMS 0x000000008db00000, 0x000000008db00000| Untracked 
| 220|0x000000008dc00000, 0x000000008dc00000, 0x000000008dd00000|  0%| F|  |TAMS 0x000000008dc00000, 0x000000008dc00000| Untracked 
| 221|0x000000008dd00000, 0x000000008dd00000, 0x000000008de00000|  0%| F|  |TAMS 0x000000008dd00000, 0x000000008dd00000| Untracked 
| 222|0x000000008de00000, 0x000000008de00000, 0x000000008df00000|  0%| F|  |TAMS 0x000000008de00000, 0x000000008de00000| Untracked 
| 223|0x000000008df00000, 0x000000008df00000, 0x000000008e000000|  0%| F|  |TAMS 0x000000008df00000, 0x000000008df00000| Untracked 
| 224|0x000000008e000000, 0x000000008e000000, 0x000000008e100000|  0%| F|  |TAMS 0x000000008e000000, 0x000000008e000000| Untracked 
| 225|0x000000008e100000, 0x000000008e100000, 0x000000008e200000|  0%| F|  |TAMS 0x000000008e100000, 0x000000008e100000| Untracked 
| 226|0x000000008e200000, 0x000000008e200000, 0x000000008e300000|  0%| F|  |TAMS 0x000000008e200000, 0x000000008e200000| Untracked 
| 227|0x000000008e300000, 0x000000008e300000, 0x000000008e400000|  0%| F|  |TAMS 0x000000008e300000, 0x000000008e300000| Untracked 
| 228|0x000000008e400000, 0x000000008e400000, 0x000000008e500000|  0%| F|  |TAMS 0x000000008e400000, 0x000000008e400000| Untracked 
| 229|0x000000008e500000, 0x000000008e500000, 0x000000008e600000|  0%| F|  |TAMS 0x000000008e500000, 0x000000008e500000| Untracked 
| 230|0x000000008e600000, 0x000000008e600000, 0x000000008e700000|  0%| F|  |TAMS 0x000000008e600000, 0x000000008e600000| Untracked 
| 231|0x000000008e700000, 0x000000008e700000, 0x000000008e800000|  0%| F|  |TAMS 0x000000008e700000, 0x000000008e700000| Untracked 
| 232|0x000000008e800000, 0x000000008e8cba58, 0x000000008e900000| 79%| E|  |TAMS 0x000000008e800000, 0x000000008e800000| Complete 
| 233|0x000000008e900000, 0x000000008ea00000, 0x000000008ea00000|100%| E|CS|TAMS 0x000000008e900000, 0x000000008e900000| Complete 
| 234|0x000000008ea00000, 0x000000008eb00000, 0x000000008eb00000|100%| E|  |TAMS 0x000000008ea00000, 0x000000008ea00000| Complete 
| 235|0x000000008eb00000, 0x000000008ec00000, 0x000000008ec00000|100%| E|CS|TAMS 0x000000008eb00000, 0x000000008eb00000| Complete 
| 236|0x000000008ec00000, 0x000000008ed00000, 0x000000008ed00000|100%| E|CS|TAMS 0x000000008ec00000, 0x000000008ec00000| Complete 
| 237|0x000000008ed00000, 0x000000008ee00000, 0x000000008ee00000|100%| E|CS|TAMS 0x000000008ed00000, 0x000000008ed00000| Complete 
| 238|0x000000008ee00000, 0x000000008ef00000, 0x000000008ef00000|100%| E|CS|TAMS 0x000000008ee00000, 0x000000008ee00000| Complete 
| 239|0x000000008ef00000, 0x000000008f000000, 0x000000008f000000|100%| E|CS|TAMS 0x000000008ef00000, 0x000000008ef00000| Complete 
| 240|0x000000008f000000, 0x000000008f100000, 0x000000008f100000|100%| E|CS|TAMS 0x000000008f000000, 0x000000008f000000| Complete 
| 241|0x000000008f100000, 0x000000008f200000, 0x000000008f200000|100%| E|CS|TAMS 0x000000008f100000, 0x000000008f100000| Complete 
| 242|0x000000008f200000, 0x000000008f300000, 0x000000008f300000|100%| E|CS|TAMS 0x000000008f200000, 0x000000008f200000| Complete 
| 243|0x000000008f300000, 0x000000008f400000, 0x000000008f400000|100%| E|CS|TAMS 0x000000008f300000, 0x000000008f300000| Complete 
| 244|0x000000008f400000, 0x000000008f500000, 0x000000008f500000|100%| E|CS|TAMS 0x000000008f400000, 0x000000008f400000| Complete 
| 245|0x000000008f500000, 0x000000008f600000, 0x000000008f600000|100%| E|CS|TAMS 0x000000008f500000, 0x000000008f500000| Complete 
| 246|0x000000008f600000, 0x000000008f700000, 0x000000008f700000|100%| E|CS|TAMS 0x000000008f600000, 0x000000008f600000| Complete 
| 247|0x000000008f700000, 0x000000008f800000, 0x000000008f800000|100%| E|CS|TAMS 0x000000008f700000, 0x000000008f700000| Complete 
| 248|0x000000008f800000, 0x000000008f900000, 0x000000008f900000|100%| E|CS|TAMS 0x000000008f800000, 0x000000008f800000| Complete 
| 249|0x000000008f900000, 0x000000008fa00000, 0x000000008fa00000|100%| E|CS|TAMS 0x000000008f900000, 0x000000008f900000| Complete 
| 250|0x000000008fa00000, 0x000000008fb00000, 0x000000008fb00000|100%| E|CS|TAMS 0x000000008fa00000, 0x000000008fa00000| Complete 
| 251|0x000000008fb00000, 0x000000008fc00000, 0x000000008fc00000|100%| E|CS|TAMS 0x000000008fb00000, 0x000000008fb00000| Complete 
| 252|0x000000008fc00000, 0x000000008fd00000, 0x000000008fd00000|100%| E|CS|TAMS 0x000000008fc00000, 0x000000008fc00000| Complete 
| 253|0x000000008fd00000, 0x000000008fe00000, 0x000000008fe00000|100%| E|CS|TAMS 0x000000008fd00000, 0x000000008fd00000| Complete 

Card table byte_map: [0x000002b3f1ae0000,0x000002b3f1ee0000] _byte_map_base: 0x000002b3f16e0000

Marking Bits (Prev, Next): (CMBitMap*) 0x000002b3dc9cebc0, (CMBitMap*) 0x000002b3dc9ceb88
 Prev Bits: [0x000002b3f42e0000, 0x000002b3f62e0000)
 Next Bits: [0x000002b3f22e0000, 0x000002b3f42e0000)

Polling page: 0x000002b3dca70000

Metaspace:

Usage:
  Non-class:     95.92 MB capacity,    93.94 MB ( 98%) used,     1.60 MB (  2%) free+waste,   382.56 KB ( <1%) overhead. 
      Class:     15.53 MB capacity,    14.28 MB ( 92%) used,     1.08 MB (  7%) free+waste,   179.69 KB (  1%) overhead. 
       Both:    111.44 MB capacity,   108.22 MB ( 97%) used,     2.68 MB (  2%) free+waste,   562.25 KB ( <1%) overhead. 

Virtual space:
  Non-class space:       98.00 MB reserved,      96.17 MB ( 98%) committed 
      Class space:        1.00 GB reserved,      15.70 MB (  2%) committed 
             Both:        1.10 GB reserved,     111.86 MB ( 10%) committed 

Chunk freelists:
   Non-Class:  258.00 KB
       Class:  131.00 KB
        Both:  389.00 KB

MaxMetaspaceSize: 17179869184.00 GB
CompressedClassSpaceSize: 1.00 GB
Initial GC threshold: 20.80 MB
Current GC threshold: 185.61 MB
CDS: off

CodeHeap 'non-profiled nmethods': size=120000Kb used=7595Kb max_used=7595Kb free=112404Kb
 bounds [0x000002b3e9740000, 0x000002b3e9eb0000, 0x000002b3f0c70000]
CodeHeap 'profiled nmethods': size=120000Kb used=26233Kb max_used=26233Kb free=93766Kb
 bounds [0x000002b3e2210000, 0x000002b3e3bb0000, 0x000002b3e9740000]
CodeHeap 'non-nmethods': size=5760Kb used=2422Kb max_used=2459Kb free=3337Kb
 bounds [0x000002b3e1c70000, 0x000002b3e1ef0000, 0x000002b3e2210000]
 total_blobs=13187 nmethods=12241 adapters=858
 compilation: enabled
              stopped_count=0, restarted_count=0
 full_count=0

Compilation events (20 events):
Event: 27.249 Thread 0x000002b3f96f8800 12383       3       com.sun.org.apache.xerces.internal.util.URI::isPathCharacter (24 bytes)
Event: 27.249 Thread 0x000002b3f96f8800 nmethod 12383 0x000002b3e3ba5710 code [0x000002b3e3ba58c0, 0x000002b3e3ba5a78]
Event: 27.251 Thread 0x000002b3f96f8800 12384       3       com.sun.org.apache.xerces.internal.util.XMLChar::isInvalid (13 bytes)
Event: 27.251 Thread 0x000002b3f96f8800 nmethod 12384 0x000002b3e3ba5b90 code [0x000002b3e3ba5d60, 0x000002b3e3ba6038]
Event: 27.251 Thread 0x000002b3f96f8800 12385       3       com.sun.org.apache.xerces.internal.util.XMLChar::isValid (34 bytes)
Event: 27.251 Thread 0x000002b3f96f8800 nmethod 12385 0x000002b3e3ba6110 code [0x000002b3e3ba62c0, 0x000002b3e3ba64d8]
Event: 27.251 Thread 0x000002b3f96f8800 12387       3       com.sun.org.apache.xerces.internal.util.XMLChar::isNameStart (22 bytes)
Event: 27.251 Thread 0x000002b3f96f8800 nmethod 12387 0x000002b3e3ba6590 code [0x000002b3e3ba6740, 0x000002b3e3ba68f8]
Event: 27.251 Thread 0x000002b3f96f8800 12386       3       com.sun.org.apache.xerces.internal.util.SymbolTable$Entry::<init> (47 bytes)
Event: 27.251 Thread 0x000002b3f96f8800 nmethod 12386 0x000002b3e3ba6a10 code [0x000002b3e3ba6c20, 0x000002b3e3ba7148]
Event: 27.251 Thread 0x000002b3f96f8800 12390       3       com.sun.org.apache.xerces.internal.impl.XMLEntityScanner::scanLiteral (755 bytes)
Event: 27.253 Thread 0x000002b3f96f8800 nmethod 12390 0x000002b3e3ba7310 code [0x000002b3e3ba7620, 0x000002b3e3ba8a68]
Event: 27.253 Thread 0x000002b3f96f8800 12389       3       com.sun.org.apache.xerces.internal.util.NamespaceSupport::getURI (38 bytes)
Event: 27.253 Thread 0x000002b3f96f8800 nmethod 12389 0x000002b3e3ba9210 code [0x000002b3e3ba93e0, 0x000002b3e3ba9638]
Event: 27.253 Thread 0x000002b3f96f8800 12388       3       com.sun.org.apache.xerces.internal.impl.XMLNSDocumentScannerImpl::next (39 bytes)
Event: 27.253 Thread 0x000002b3f96f8800 nmethod 12388 0x000002b3e3ba9790 code [0x000002b3e3ba9960, 0x000002b3e3ba9d08]
Event: 27.264 Thread 0x000002b3f96f8800 12391       3       jdk.internal.misc.Unsafe::objectFieldOffset (18 bytes)
Event: 27.265 Thread 0x000002b3f96f8800 nmethod 12391 0x000002b3e3ba9e90 code [0x000002b3e3baa060, 0x000002b3e3baa278]
Event: 27.286 Thread 0x000002b3f96f8800 12393       3       jdk.internal.loader.BuiltinClassLoader::findClassInModuleOrNull (30 bytes)
Event: 27.286 Thread 0x000002b3f96f8800 nmethod 12393 0x000002b3e3baa390 code [0x000002b3e3baa580, 0x000002b3e3baa948]

GC Heap History (20 events):
Event: 7.647 GC heap before
{Heap before GC invocations=5 (full 0):
 garbage-first heap   total 260096K, used 61594K [0x0000000080000000, 0x0000000100000000)
  region size 1024K, 46 young (47104K), 4 survivors (4096K)
 Metaspace       used 34919K, capacity 35718K, committed 35840K, reserved 1081344K
  class space    used 4533K, capacity 4839K, committed 4864K, reserved 1048576K
}
Event: 7.659 GC heap after
{Heap after GC invocations=6 (full 0):
 garbage-first heap   total 260096K, used 22410K [0x0000000080000000, 0x0000000100000000)
  region size 1024K, 7 young (7168K), 7 survivors (7168K)
 Metaspace       used 34919K, capacity 35718K, committed 35840K, reserved 1081344K
  class space    used 4533K, capacity 4839K, committed 4864K, reserved 1048576K
}
Event: 9.309 GC heap before
{Heap before GC invocations=7 (full 0):
 garbage-first heap   total 260096K, used 121738K [0x0000000080000000, 0x0000000100000000)
  region size 1024K, 101 young (103424K), 7 survivors (7168K)
 Metaspace       used 43479K, capacity 44494K, committed 44672K, reserved 1087488K
  class space    used 5533K, capacity 5897K, committed 6016K, reserved 1048576K
}
Event: 9.323 GC heap after
{Heap after GC invocations=8 (full 0):
 garbage-first heap   total 260096K, used 29358K [0x0000000080000000, 0x0000000100000000)
  region size 1024K, 13 young (13312K), 13 survivors (13312K)
 Metaspace       used 43479K, capacity 44494K, committed 44672K, reserved 1087488K
  class space    used 5533K, capacity 5897K, committed 6016K, reserved 1048576K
}
Event: 11.196 GC heap before
{Heap before GC invocations=8 (full 0):
 garbage-first heap   total 260096K, used 150190K [0x0000000080000000, 0x0000000100000000)
  region size 1024K, 127 young (130048K), 13 survivors (13312K)
 Metaspace       used 49342K, capacity 50604K, committed 50944K, reserved 1093632K
  class space    used 6338K, capacity 6809K, committed 6912K, reserved 1048576K
}
Event: 11.211 GC heap after
{Heap after GC invocations=9 (full 0):
 garbage-first heap   total 260096K, used 42982K [0x0000000080000000, 0x0000000100000000)
  region size 1024K, 16 young (16384K), 16 survivors (16384K)
 Metaspace       used 49342K, capacity 50604K, committed 50944K, reserved 1093632K
  class space    used 6338K, capacity 6809K, committed 6912K, reserved 1048576K
}
Event: 12.436 GC heap before
{Heap before GC invocations=9 (full 0):
 garbage-first heap   total 260096K, used 105446K [0x0000000080000000, 0x0000000100000000)
  region size 1024K, 78 young (79872K), 16 survivors (16384K)
 Metaspace       used 58364K, capacity 59734K, committed 59948K, reserved 1101824K
  class space    used 7448K, capacity 7950K, committed 8064K, reserved 1048576K
}
Event: 12.463 GC heap after
{Heap after GC invocations=10 (full 0):
 garbage-first heap   total 260096K, used 46631K [0x0000000080000000, 0x0000000100000000)
  region size 1024K, 4 young (4096K), 4 survivors (4096K)
 Metaspace       used 58364K, capacity 59734K, committed 59948K, reserved 1101824K
  class space    used 7448K, capacity 7950K, committed 8064K, reserved 1048576K
}
Event: 14.243 GC heap before
{Heap before GC invocations=11 (full 0):
 garbage-first heap   total 260096K, used 164391K [0x0000000080000000, 0x0000000100000000)
  region size 1024K, 119 young (121856K), 4 survivors (4096K)
 Metaspace       used 65825K, capacity 67473K, committed 67628K, reserved 1107968K
  class space    used 8410K, capacity 9023K, committed 9088K, reserved 1048576K
}
Event: 14.258 GC heap after
{Heap after GC invocations=12 (full 0):
 garbage-first heap   total 260096K, used 53979K [0x0000000080000000, 0x0000000100000000)
  region size 1024K, 11 young (11264K), 11 survivors (11264K)
 Metaspace       used 65825K, capacity 67473K, committed 67628K, reserved 1107968K
  class space    used 8410K, capacity 9023K, committed 9088K, reserved 1048576K
}
Event: 18.172 GC heap before
{Heap before GC invocations=13 (full 0):
 garbage-first heap   total 260096K, used 174811K [0x0000000080000000, 0x0000000100000000)
  region size 1024K, 129 young (132096K), 11 survivors (11264K)
 Metaspace       used 78389K, capacity 80108K, committed 80300K, reserved 1118208K
  class space    used 10265K, capacity 10928K, committed 11008K, reserved 1048576K
}
Event: 18.184 GC heap after
{Heap after GC invocations=14 (full 0):
 garbage-first heap   total 260096K, used 61602K [0x0000000080000000, 0x0000000100000000)
  region size 1024K, 17 young (17408K), 17 survivors (17408K)
 Metaspace       used 78389K, capacity 80108K, committed 80300K, reserved 1118208K
  class space    used 10265K, capacity 10928K, committed 11008K, reserved 1048576K
}
Event: 20.323 GC heap before
{Heap before GC invocations=14 (full 0):
 garbage-first heap   total 260096K, used 181410K [0x0000000080000000, 0x0000000100000000)
  region size 1024K, 135 young (138240K), 17 survivors (17408K)
 Metaspace       used 82045K, capacity 84265K, committed 84268K, reserved 1122304K
  class space    used 10801K, capacity 11648K, committed 11648K, reserved 1048576K
}
Event: 20.341 GC heap after
{Heap after GC invocations=15 (full 0):
 garbage-first heap   total 260096K, used 70785K [0x0000000080000000, 0x0000000100000000)
  region size 1024K, 17 young (17408K), 17 survivors (17408K)
 Metaspace       used 82045K, capacity 84265K, committed 84268K, reserved 1122304K
  class space    used 10801K, capacity 11648K, committed 11648K, reserved 1048576K
}
Event: 22.701 GC heap before
{Heap before GC invocations=15 (full 0):
 garbage-first heap   total 260096K, used 191617K [0x0000000080000000, 0x0000000100000000)
  region size 1024K, 134 young (137216K), 17 survivors (17408K)
 Metaspace       used 90624K, capacity 93046K, committed 93356K, reserved 1130496K
  class space    used 11817K, capacity 12732K, committed 12800K, reserved 1048576K
}
Event: 22.721 GC heap after
{Heap after GC invocations=16 (full 0):
 garbage-first heap   total 260096K, used 85500K [0x0000000080000000, 0x0000000100000000)
  region size 1024K, 17 young (17408K), 17 survivors (17408K)
 Metaspace       used 90624K, capacity 93046K, committed 93356K, reserved 1130496K
  class space    used 11817K, capacity 12732K, committed 12800K, reserved 1048576K
}
Event: 24.962 GC heap before
{Heap before GC invocations=16 (full 0):
 garbage-first heap   total 260096K, used 194044K [0x0000000080000000, 0x0000000100000000)
  region size 1024K, 123 young (125952K), 17 survivors (17408K)
 Metaspace       used 96689K, capacity 99351K, committed 99500K, reserved 1134592K
  class space    used 12463K, capacity 13506K, committed 13568K, reserved 1048576K
}
Event: 24.981 GC heap after
{Heap after GC invocations=17 (full 0):
 garbage-first heap   total 260096K, used 91324K [0x0000000080000000, 0x0000000100000000)
  region size 1024K, 9 young (9216K), 9 survivors (9216K)
 Metaspace       used 96689K, capacity 99351K, committed 99500K, reserved 1134592K
  class space    used 12463K, capacity 13506K, committed 13568K, reserved 1048576K
}
Event: 26.996 GC heap before
{Heap before GC invocations=17 (full 0):
 garbage-first heap   total 260096K, used 185532K [0x0000000080000000, 0x0000000100000000)
  region size 1024K, 103 young (105472K), 9 survivors (9216K)
 Metaspace       used 109627K, capacity 113035K, committed 113140K, reserved 1146880K
  class space    used 14527K, capacity 15897K, committed 15944K, reserved 1048576K
}
Event: 27.009 GC heap after
{Heap after GC invocations=18 (full 0):
 garbage-first heap   total 260096K, used 93932K [0x0000000080000000, 0x0000000100000000)
  region size 1024K, 11 young (11264K), 11 survivors (11264K)
 Metaspace       used 109627K, capacity 113035K, committed 113140K, reserved 1146880K
  class space    used 14527K, capacity 15897K, committed 15944K, reserved 1048576K
}

Deoptimization events (20 events):
Event: 27.230 Thread 0x000002b3fc52d000 DEOPT PACKING pc=0x000002b3e9e6ec58 sp=0x000000d087efa900
Event: 27.230 Thread 0x000002b3fc52d000 DEOPT UNPACKING pc=0x000002b3e1cba1af sp=0x000000d087efa8f8 mode 2
Event: 27.233 Thread 0x000002b3fc52d000 Uncommon trap: trap_request=0xffffff6e fr.pc=0x000002b3e9e63c8c relative=0x000000000000080c
Event: 27.233 Thread 0x000002b3fc52d000 Uncommon trap: reason=speculate_class_check action=maybe_recompile pc=0x000002b3e9e63c8c method=sun.security.provider.DigestBase.implCompressMultiBlock0([BII)I @ 8 c2
Event: 27.233 Thread 0x000002b3fc52d000 DEOPT PACKING pc=0x000002b3e9e63c8c sp=0x000000d087ef86f0
Event: 27.233 Thread 0x000002b3fc52d000 DEOPT UNPACKING pc=0x000002b3e1cba1af sp=0x000000d087ef85b8 mode 2
Event: 27.234 Thread 0x000002b3fc52d000 Uncommon trap: trap_request=0xffffff6e fr.pc=0x000002b3e9e63c8c relative=0x000000000000080c
Event: 27.234 Thread 0x000002b3fc52d000 Uncommon trap: reason=speculate_class_check action=maybe_recompile pc=0x000002b3e9e63c8c method=sun.security.provider.DigestBase.implCompressMultiBlock0([BII)I @ 8 c2
Event: 27.234 Thread 0x000002b3fc52d000 DEOPT PACKING pc=0x000002b3e9e63c8c sp=0x000000d087ef8310
Event: 27.234 Thread 0x000002b3fc52d000 DEOPT UNPACKING pc=0x000002b3e1cba1af sp=0x000000d087ef81d8 mode 2
Event: 27.236 Thread 0x000002b3fcfb0000 DEOPT PACKING pc=0x000002b3e353444c sp=0x000000d0897ff260
Event: 27.236 Thread 0x000002b3fcfb0000 DEOPT UNPACKING pc=0x000002b3e1cba95e sp=0x000000d0897fe830 mode 0
Event: 27.281 Thread 0x000002b38051f800 Uncommon trap: trap_request=0xffffff4d fr.pc=0x000002b3e9db86b8 relative=0x0000000000000098
Event: 27.281 Thread 0x000002b38051f800 Uncommon trap: reason=unstable_if action=reinterpret pc=0x000002b3e9db86b8 method=java.io.BufferedInputStream.fill()V @ 9 c2
Event: 27.281 Thread 0x000002b38051f800 DEOPT PACKING pc=0x000002b3e9db86b8 sp=0x000000d0892fd570
Event: 27.281 Thread 0x000002b38051f800 DEOPT UNPACKING pc=0x000002b3e1cba1af sp=0x000000d0892fd4f0 mode 2
Event: 27.281 Thread 0x000002b38051f800 Uncommon trap: trap_request=0xffffff4d fr.pc=0x000002b3e9c3b624 relative=0x00000000000006c4
Event: 27.282 Thread 0x000002b38051f800 Uncommon trap: reason=unstable_if action=reinterpret pc=0x000002b3e9c3b624 method=java.io.BufferedInputStream.read([BII)I @ 31 c2
Event: 27.282 Thread 0x000002b38051f800 DEOPT PACKING pc=0x000002b3e9c3b624 sp=0x000000d0892fd430
Event: 27.282 Thread 0x000002b38051f800 DEOPT UNPACKING pc=0x000002b3e1cba1af sp=0x000000d0892fd408 mode 2

Classes redefined (0 events):
No events

Internal exceptions (20 events):
Event: 25.627 Thread 0x000002b38051f000 Exception <a 'java/lang/NoSuchMethodError'{0x000000008e2dc170}: 'java.lang.Object java.lang.invoke.Invokers$Holder.linkToTargetMethod(java.lang.Object, int, java.lang.Object, java.lang.Object, java.lang.Object, java.lang.Object)'> (0x000000008e2dc170) thrown at [./src/hotspot/share/interpreter/linkResolver.cpp, line 773]
Event: 25.629 Thread 0x000002b38051b800 Exception <a 'java/lang/NoSuchMethodError'{0x000000008e169810}: 'java.lang.Object java.lang.invoke.DirectMethodHandle$Holder.invokeSpecial(java.lang.Object, java.lang.Object, java.lang.Object, java.lang.Object, java.lang.Object, int, java.lang.Object, java.lang.Object)'> (0x000000008e169810) thrown at [./src/hotspot/share/interpreter/linkResolver.cpp, line 773]
Event: 25.629 Thread 0x000002b38051f000 Exception <a 'java/lang/NoSuchMethodError'{0x000000008e171b40}: 'java.lang.Object java.lang.invoke.Invokers$Holder.linkToTargetMethod(java.lang.Object, java.lang.Object, java.lang.Object, int, java.lang.Object, java.lang.Object, java.lang.Object)'> (0x000000008e171b40) thrown at [./src/hotspot/share/interpreter/linkResolver.cpp, line 773]
Event: 25.630 Thread 0x000002b38051b800 Exception <a 'java/lang/NoSuchMethodError'{0x000000008e16cf68}: 'java.lang.Object java.lang.invoke.Invokers$Holder.linkToTargetMethod(java.lang.Object, java.lang.Object, java.lang.Object, int, java.lang.Object, java.lang.Object, java.lang.Object)'> (0x000000008e16cf68) thrown at [./src/hotspot/share/interpreter/linkResolver.cpp, line 773]
Event: 25.632 Thread 0x000002b38051f000 Exception <a 'java/lang/NoSuchMethodError'{0x000000008e18c1c8}: 'void java.lang.invoke.DirectMethodHandle$Holder.invokeStatic(java.lang.Object, java.lang.Object, java.lang.Object, java.lang.Object, java.lang.Object, java.lang.Object, java.lang.Object, java.lang.Object)'> (0x000000008e18c1c8) thrown at [./src/hotspot/share/interpreter/linkResolver.cpp, line 773]
Event: 25.632 Thread 0x000002b38051b800 Exception <a 'java/lang/NoSuchMethodError'{0x000000008e199450}: 'void java.lang.invoke.DirectMethodHandle$Holder.invokeStatic(java.lang.Object, java.lang.Object, java.lang.Object, java.lang.Object, java.lang.Object, java.lang.Object, java.lang.Object, java.lang.Object)'> (0x000000008e199450) thrown at [./src/hotspot/share/interpreter/linkResolver.cpp, line 773]
Event: 25.663 Thread 0x000002b38051f000 Exception <a 'java/lang/IncompatibleClassChangeError'{0x000000008df5dfc0}: Found class java.lang.Object, but interface was expected> (0x000000008df5dfc0) thrown at [./src/hotspot/share/interpreter/linkResolver.cpp, line 839]
Event: 25.663 Thread 0x000002b38051b800 Exception <a 'java/lang/IncompatibleClassChangeError'{0x000000008df68008}: Found class java.lang.Object, but interface was expected> (0x000000008df68008) thrown at [./src/hotspot/share/interpreter/linkResolver.cpp, line 839]
Event: 25.687 Thread 0x000002b38051f000 Exception <a 'java/lang/NoSuchMethodError'{0x000000008dd1b700}: 'void java.lang.invoke.DirectMethodHandle$Holder.invokeSpecial(java.lang.Object, java.lang.Object, int)'> (0x000000008dd1b700) thrown at [./src/hotspot/share/interpreter/linkResolver.cpp, line 773]
Event: 25.687 Thread 0x000002b38051b800 Exception <a 'java/lang/NoSuchMethodError'{0x000000008dd1fe78}: 'void java.lang.invoke.DirectMethodHandle$Holder.invokeSpecial(java.lang.Object, java.lang.Object, int)'> (0x000000008dd1fe78) thrown at [./src/hotspot/share/interpreter/linkResolver.cpp, line 773]
Event: 25.727 Thread 0x000002b38051f000 Exception <a 'sun/nio/fs/WindowsException'{0x000000008dc0cba0}> (0x000000008dc0cba0) thrown at [./src/hotspot/share/prims/jni.cpp, line 615]
Event: 25.727 Thread 0x000002b38051b800 Exception <a 'sun/nio/fs/WindowsException'{0x000000008dc07dd0}> (0x000000008dc07dd0) thrown at [./src/hotspot/share/prims/jni.cpp, line 615]
Event: 25.754 Thread 0x000002b38051b800 Exception <a 'sun/nio/fs/WindowsException'{0x000000008dcc2bd8}> (0x000000008dcc2bd8) thrown at [./src/hotspot/share/prims/jni.cpp, line 615]
Event: 25.755 Thread 0x000002b38051f000 Exception <a 'sun/nio/fs/WindowsException'{0x000000008dc276f0}> (0x000000008dc276f0) thrown at [./src/hotspot/share/prims/jni.cpp, line 615]
Event: 26.000 Thread 0x000002b3fc52d000 Exception <a 'java/lang/NoSuchMethodError'{0x000000008daf82c8}: <clinit>> (0x000000008daf82c8) thrown at [./src/hotspot/share/prims/jni.cpp, line 1365]
Event: 26.071 Thread 0x000002b38084b800 Implicit null exception at 0x000002b3e9a143b4 to 0x000002b3e9a1441a
Event: 26.376 Thread 0x000002b3fcfae800 Exception <a 'sun/nio/fs/WindowsException'{0x000000008ca0b4e0}> (0x000000008ca0b4e0) thrown at [./src/hotspot/share/prims/jni.cpp, line 615]
Event: 26.527 Thread 0x000002b3fcfae800 Exception <a 'sun/nio/fs/WindowsException'{0x000000008c5fe8f0}> (0x000000008c5fe8f0) thrown at [./src/hotspot/share/prims/jni.cpp, line 615]
Event: 27.233 Thread 0x000002b3fc52d000 Exception <a 'java/lang/NoSuchMethodError'{0x000000008eb2f298}: <clinit>> (0x000000008eb2f298) thrown at [./src/hotspot/share/prims/jni.cpp, line 1365]
Event: 27.234 Thread 0x000002b3fc52d000 Exception <a 'java/lang/NoSuchMethodError'{0x000000008eb41a28}: <clinit>> (0x000000008eb41a28) thrown at [./src/hotspot/share/prims/jni.cpp, line 1365]

Events (20 events):
Event: 27.282 loading class sun/security/pkcs12/PKCS12KeyStore$Entry
Event: 27.282 loading class sun/security/pkcs12/PKCS12KeyStore$Entry done
Event: 27.282 loading class sun/security/pkcs12/PKCS12KeyStore$KeyEntry done
Event: 27.282 loading class sun/security/pkcs12/PKCS12KeyStore$PrivateKeyEntry done
Event: 27.282 loading class sun/nio/cs/UTF_16BE$Decoder
Event: 27.282 loading class sun/nio/cs/UnicodeDecoder
Event: 27.282 loading class sun/nio/cs/UnicodeDecoder done
Event: 27.282 Executing VM operation: Deoptimize
Event: 27.283 Executing VM operation: Deoptimize done
Event: 27.283 loading class sun/nio/cs/UTF_16BE$Decoder done
Event: 27.284 Executing VM operation: RevokeBias
Event: 27.284 Executing VM operation: RevokeBias done
Event: 27.284 Executing VM operation: RevokeBias
Event: 27.284 Executing VM operation: RevokeBias done
Event: 27.284 loading class sun/security/jca/ProviderConfig$3
Event: 27.285 loading class sun/security/jca/ProviderConfig$3 done
Event: 27.285 loading class sun/security/jca/ProviderConfig$ProviderLoader
Event: 27.285 loading class sun/security/jca/ProviderConfig$ProviderLoader done
Event: 27.327 loading class java/security/ProviderException
Event: 27.327 loading class java/security/ProviderException done


Dynamic libraries:
0x00007ff7ad2e0000 - 0x00007ff7ad2ea000 	E:\Koodaus\androidStudio\jre\bin\java.exe
0x00007ffd4b5b0000 - 0x00007ffd4b7a7000 	C:\WINDOWS\SYSTEM32\ntdll.dll
0x00007ffd4a550000 - 0x00007ffd4a60d000 	C:\WINDOWS\System32\KERNEL32.DLL
0x00007ffd492d0000 - 0x00007ffd4959d000 	C:\WINDOWS\System32\KERNELBASE.dll
0x00007ffd495a0000 - 0x00007ffd496a0000 	C:\WINDOWS\System32\ucrtbase.dll
0x00007ffd396b0000 - 0x00007ffd396c9000 	E:\Koodaus\androidStudio\jre\bin\jli.dll
0x00007ffd498a0000 - 0x00007ffd49a40000 	C:\WINDOWS\System32\USER32.dll
0x00007ffd48f00000 - 0x00007ffd48f22000 	C:\WINDOWS\System32\win32u.dll
0x00007ffd4a3a0000 - 0x00007ffd4a3ca000 	C:\WINDOWS\System32\GDI32.dll
0x00007ffd49170000 - 0x00007ffd4927b000 	C:\WINDOWS\System32\gdi32full.dll
0x00007ffd48e60000 - 0x00007ffd48efd000 	C:\WINDOWS\System32\msvcp_win.dll
0x00007ffd39690000 - 0x00007ffd396a7000 	E:\Koodaus\androidStudio\jre\bin\VCRUNTIME140.dll
0x00007ffd399b0000 - 0x00007ffd39c4a000 	C:\WINDOWS\WinSxS\amd64_microsoft.windows.common-controls_6595b64144ccf1df_6.0.19041.1110_none_60b5254171f9507e\COMCTL32.dll
0x00007ffd4ad80000 - 0x00007ffd4ae1e000 	C:\WINDOWS\System32\msvcrt.dll
0x00007ffd4a620000 - 0x00007ffd4a650000 	C:\WINDOWS\System32\IMM32.DLL
0x00007ffcfc440000 - 0x00007ffcfc4dd000 	E:\Koodaus\androidStudio\jre\bin\msvcp140.dll
0x00007ffcdd8b0000 - 0x00007ffcde395000 	E:\Koodaus\androidStudio\jre\bin\server\jvm.dll
0x00007ffd4a800000 - 0x00007ffd4a8ae000 	C:\WINDOWS\System32\ADVAPI32.dll
0x00007ffd4a230000 - 0x00007ffd4a2cc000 	C:\WINDOWS\System32\sechost.dll
0x00007ffd496b0000 - 0x00007ffd497d5000 	C:\WINDOWS\System32\RPCRT4.dll
0x00007ffd4a610000 - 0x00007ffd4a618000 	C:\WINDOWS\System32\PSAPI.DLL
0x00007ffd30540000 - 0x00007ffd30549000 	C:\WINDOWS\SYSTEM32\WSOCK32.dll
0x00007ffd49c50000 - 0x00007ffd49cbb000 	C:\WINDOWS\System32\WS2_32.dll
0x00007ffd3fcb0000 - 0x00007ffd3fcd7000 	C:\WINDOWS\SYSTEM32\WINMM.dll
0x00007ffd421f0000 - 0x00007ffd421fa000 	C:\WINDOWS\SYSTEM32\VERSION.dll
0x00007ffd475b0000 - 0x00007ffd475c2000 	C:\WINDOWS\SYSTEM32\kernel.appcore.dll
0x00007ffd397c0000 - 0x00007ffd397d1000 	E:\Koodaus\androidStudio\jre\bin\verify.dll
0x00007ffd473a0000 - 0x00007ffd47584000 	C:\WINDOWS\SYSTEM32\DBGHELP.DLL
0x00007ffd2e8d0000 - 0x00007ffd2e8fc000 	C:\WINDOWS\SYSTEM32\dbgcore.DLL
0x00007ffd48d60000 - 0x00007ffd48de2000 	C:\WINDOWS\System32\bcryptPrimitives.dll
0x00007ffd35f70000 - 0x00007ffd35f99000 	E:\Koodaus\androidStudio\jre\bin\java.dll
0x00007ffd39910000 - 0x00007ffd3991b000 	E:\Koodaus\androidStudio\jre\bin\jimage.dll
0x00007ffd395a0000 - 0x00007ffd395b8000 	E:\Koodaus\androidStudio\jre\bin\zip.dll
0x00007ffd4ae20000 - 0x00007ffd4b564000 	C:\WINDOWS\System32\SHELL32.dll
0x00007ffd46bf0000 - 0x00007ffd47384000 	C:\WINDOWS\SYSTEM32\windows.storage.dll
0x00007ffd49cc0000 - 0x00007ffd4a014000 	C:\WINDOWS\System32\combase.dll
0x00007ffd487c0000 - 0x00007ffd487ec000 	C:\WINDOWS\SYSTEM32\Wldp.dll
0x00007ffd497e0000 - 0x00007ffd4988d000 	C:\WINDOWS\System32\SHCORE.dll
0x00007ffd49b10000 - 0x00007ffd49b65000 	C:\WINDOWS\System32\shlwapi.dll
0x00007ffd48ca0000 - 0x00007ffd48cbf000 	C:\WINDOWS\SYSTEM32\profapi.dll
0x00007ffd33000000 - 0x00007ffd3301a000 	E:\Koodaus\androidStudio\jre\bin\net.dll
0x00007ffd39040000 - 0x00007ffd3914a000 	C:\WINDOWS\SYSTEM32\WINHTTP.dll
0x00007ffd48500000 - 0x00007ffd4856a000 	C:\WINDOWS\system32\mswsock.dll
0x00007ffd32890000 - 0x00007ffd328a4000 	E:\Koodaus\androidStudio\jre\bin\nio.dll
0x00007ffd2b290000 - 0x00007ffd2b2b7000 	C:\Users\Rasse\.gradle\native\e1d6ef7f7dcc3fd88c89a11ec53ec762bb8ba0a96d01ffa2cd45eb1d1d8dd5c5\windows-amd64\native-platform.dll
0x00007ffcf8c00000 - 0x00007ffcf8d44000 	C:\Users\Rasse\.gradle\native\5664cfc778a61ccfe75a443a1ab52a65af34e5dc3c78e0209fed803814484fcb\windows-amd64\native-platform-file-events.dll
0x00007ffd326f0000 - 0x00007ffd326fa000 	E:\Koodaus\androidStudio\jre\bin\management.dll
0x00007ffd318b0000 - 0x00007ffd318bd000 	E:\Koodaus\androidStudio\jre\bin\management_ext.dll
0x00007ffd48720000 - 0x00007ffd48738000 	C:\WINDOWS\SYSTEM32\CRYPTSP.dll
0x00007ffd47df0000 - 0x00007ffd47e24000 	C:\WINDOWS\system32\rsaenh.dll
0x00007ffd48f30000 - 0x00007ffd48f57000 	C:\WINDOWS\System32\bcrypt.dll
0x00007ffd48c20000 - 0x00007ffd48c4e000 	C:\WINDOWS\SYSTEM32\USERENV.dll
0x00007ffd48710000 - 0x00007ffd4871c000 	C:\WINDOWS\SYSTEM32\CRYPTBASE.dll
0x00007ffd48190000 - 0x00007ffd481cb000 	C:\WINDOWS\SYSTEM32\IPHLPAPI.DLL
0x00007ffd49890000 - 0x00007ffd49898000 	C:\WINDOWS\System32\NSI.dll
0x00007ffd42200000 - 0x00007ffd42217000 	C:\WINDOWS\SYSTEM32\dhcpcsvc6.DLL
0x00007ffd41f50000 - 0x00007ffd41f6d000 	C:\WINDOWS\SYSTEM32\dhcpcsvc.DLL
0x00007ffd481f0000 - 0x00007ffd482bb000 	C:\WINDOWS\SYSTEM32\DNSAPI.dll
0x00007ffd39790000 - 0x00007ffd397b7000 	E:\Koodaus\androidStudio\jre\bin\sunec.dll

dbghelp: loaded successfully - version: 4.0.5 - missing functions: none
symbol engine: initialized successfully - sym options: 0x614 - pdb path: .;E:\Koodaus\androidStudio\jre\bin;C:\WINDOWS\SYSTEM32;C:\WINDOWS\WinSxS\amd64_microsoft.windows.common-controls_6595b64144ccf1df_6.0.19041.1110_none_60b5254171f9507e;E:\Koodaus\androidStudio\jre\bin\server;C:\Users\Rasse\.gradle\native\e1d6ef7f7dcc3fd88c89a11ec53ec762bb8ba0a96d01ffa2cd45eb1d1d8dd5c5\windows-amd64;C:\Users\Rasse\.gradle\native\5664cfc778a61ccfe75a443a1ab52a65af34e5dc3c78e0209fed803814484fcb\windows-amd64

VM Arguments:
jvm_args: --add-opens=java.base/java.util=ALL-UNNAMED --add-opens=java.base/java.lang=ALL-UNNAMED --add-opens=java.base/java.lang.invoke=ALL-UNNAMED --add-opens=java.base/java.util=ALL-UNNAMED --add-opens=java.prefs/java.util.prefs=ALL-UNNAMED --add-opens=java.prefs/java.util.prefs=ALL-UNNAMED --add-opens=java.base/java.nio.charset=ALL-UNNAMED --add-opens=java.base/java.net=ALL-UNNAMED --add-opens=java.base/java.util.concurrent.atomic=ALL-UNNAMED -Xmx2048m -Dfile.encoding=UTF-8 -Duser.country=FI -Duser.language=fi -Duser.variant 
java_command: org.gradle.launcher.daemon.bootstrap.GradleDaemon 7.3.3
java_class_path (initial): C:\Users\Rasse\.gradle\wrapper\dists\gradle-7.3.3-bin\6a41zxkdtcxs8rphpq6y0069z\gradle-7.3.3\lib\gradle-launcher-7.3.3.jar
Launcher Type: SUN_STANDARD

[Global flags]
     intx CICompilerCount                          = 4                                         {product} {ergonomic}
     uint ConcGCThreads                            = 2                                         {product} {ergonomic}
     uint G1ConcRefinementThreads                  = 8                                         {product} {ergonomic}
   size_t G1HeapRegionSize                         = 1048576                                   {product} {ergonomic}
    uintx GCDrainStackTargetSize                   = 64                                        {product} {ergonomic}
   size_t InitialHeapSize                          = 266338304                                 {product} {ergonomic}
   size_t MarkStackSize                            = 4194304                                   {product} {ergonomic}
   size_t MaxHeapSize                              = 2147483648                                {product} {command line}
   size_t MaxNewSize                               = 1287651328                                {product} {ergonomic}
   size_t MinHeapDeltaBytes                        = 1048576                                   {product} {ergonomic}
    uintx NonNMethodCodeHeapSize                   = 5836300                                {pd product} {ergonomic}
    uintx NonProfiledCodeHeapSize                  = 122910970                              {pd product} {ergonomic}
    uintx ProfiledCodeHeapSize                     = 122910970                              {pd product} {ergonomic}
    uintx ReservedCodeCacheSize                    = 251658240                              {pd product} {ergonomic}
     bool SegmentedCodeCache                       = true                                      {product} {ergonomic}
     bool UseCompressedClassPointers               = true                                 {lp64_product} {ergonomic}
     bool UseCompressedOops                        = true                                 {lp64_product} {ergonomic}
     bool UseG1GC                                  = true                                      {product} {ergonomic}
     bool UseLargePagesIndividualAllocation        = false                                  {pd product} {ergonomic}

Logging:
Log output configuration:
 #0: stdout all=warning uptime,level,tags
 #1: stderr all=off uptime,level,tags

Environment Variables:
JAVA_HOME=E:\Koodaus\JDK\jdk-1.8
PATH=E:\Koodaus\JDK\jdk-1.8\bin;C:\Program Files (x86)\Common Files\Oracle\Java\javapath;E:\Koodaus\jdk17.0.2_8\bin;E:\Koodaus\jdk11.0.14_10\bin;E:\Koodaus\corretto\jdk11.0.14_10\bin;E:\Koodaus\Amazon_Corretto\jdk17.0.1_12\bin;C:\Windows\system32;C:\Windows;C:\Windows\System32\Wbem;C:\Windows\System32\WindowsPowerShell\v1.0\;C:\Program Files (x86)\NVIDIA Corporation\PhysX\Common;C:\Program Files\Intel\WiFi\bin\;C:\Program Files\Common Files\Intel\WirelessCommon\;C:\WINDOWS\system32;C:\WINDOWS;C:\WINDOWS\System32\Wbem;C:\WINDOWS\System32\WindowsPowerShell\v1.0\;C:\WINDOWS\System32\OpenSSH\;C:\ProgramData\chocolatey\bin;E:\Koodaus\Git\cmd;C:\Program Files\dotnet\;E:\Koodaus\node\;C:\Users\Rasse\AppData\Local\Microsoft\WindowsApps;;E:\Microsoft VS Code\bin;C:\Users\Rasse\.dotnet\tools;C:\Users\Rasse\AppData\Roaming\npm;E:\Koodaus\IntelliJ IDEA 2022.1\bin;
USERNAME=Rasse
OS=Windows_NT
PROCESSOR_IDENTIFIER=Intel64 Family 6 Model 94 Stepping 3, GenuineIntel



---------------  S Y S T E M  ---------------

OS: Windows 10 , 64 bit Build 19041 (10.0.19041.1741)
OS uptime: 8 days 10:59 hours
Hyper-V role detected

CPU:total 8 (initial active 8) (4 cores per cpu, 2 threads per core) family 6 model 94 stepping 3 microcode 0xcc, cmov, cx8, fxsr, mmx, sse, sse2, sse3, ssse3, sse4.1, sse4.2, popcnt, avx, avx2, aes, clmul, erms, rtm, 3dnowpref, lzcnt, ht, tsc, tscinvbit, bmi1, bmi2, adx, fma

Memory: 4k page, system-wide physical 16211M (199M free)
TotalPageFile size 65363M (AvailPageFile size 3M)
current process WorkingSet (physical memory assigned to process): 530M, peak: 534M
current process commit charge ("private bytes"): 594M, peak: 596M

vm_info: OpenJDK 64-Bit Server VM (11.0.12+7-b1504.28-7817840) for windows-amd64 JRE (11.0.12+7-b1504.28-7817840), built on Oct 13 2021 22:12:33 by "builder" with MS VC++ 14.0 (VS2015)

END.
